client 2024-07-24 01:10:39,532 [INFO] Sending command to the server: 'mlcommons/power client v3'
client 2024-07-24 01:10:39,533 [INFO] Got response: 'mlcommons/power server v3'
client 2024-07-24 01:10:39,533 [INFO] Sending command to the server: 'stop'
client 2024-07-24 01:10:39,535 [INFO] Got response: 'OK'
client 2024-07-24 01:10:39,535 [INFO] Synchronizing with the server and with ib-01.dc4-in.nvidia.com...
client 2024-07-24 01:10:39,764 [INFO] NTP:offset = 0.001 s, delay = 0.227 s 
client 2024-07-24 01:10:39,764 [INFO] Sending command to the server: 'time'
client 2024-07-24 01:10:39,765 [INFO] Got response: '1721808639.7660487'
client 2024-07-24 01:10:39,765 [INFO] The time difference between the client and the server is within range -1.849 ms..-0.322 ms
client 2024-07-24 01:10:39,765 [INFO] Sending command to the server: 'new,,338c3c15-dd9c-47f3-a00d-fbc92f999ce9'
client 2024-07-24 01:10:39,767 [INFO] Got response: 'OK 2024-07-24_01-10-39,c48fc41a-434d-47fc-acbf-784dda090721'
client 2024-07-24 01:10:39,767 [INFO] Session id is '2024-07-24_01-10-39'
client 2024-07-24 01:10:39,767 [INFO] Sources: {"sources": {"__init__.py": "da39a3ee5e6b4b0d3255bfef95601890afd80709", "client.py": "33ca4f26368777ac06e01f9567b714a4b8063886", "lib/__init__.py": "da39a3ee5e6b4b0d3255bfef95601890afd80709", "lib/client.py": "ac2aa093c8e8bbc9569b9e2a3471bc64e58a2258", "lib/common.py": "611d8b29633d331eb19c9455ea3b5fa3284ed6df", "lib/external/__init__.py": "da39a3ee5e6b4b0d3255bfef95601890afd80709", "lib/external/ntplib.py": "4da8f970656505a40483206ef2b5d3dd5e81711d", "lib/server.py": "99303c836c683aa9017ec565104e636161d02acb", "lib/source_hashes.py": "60a2e02193209e8d392803326208d5466342da18", "lib/summary.py": "aa92f0a3f975eecd44d3c0cd0236342ccc9f941d", "lib/time_sync.py": "80894ef2389e540781ff78de94db16aa4203a14e", "server.py": "c3f90f2f7eeb4db30727556d0c815ebc89b3d28b", "tests/unit/__init__.py": "da39a3ee5e6b4b0d3255bfef95601890afd80709", "tests/unit/test_server.py": "948c1995d4008bc2aa6c4046a34ffa3858d6d671", "tests/unit/test_source_hashes.py": "00468a2907583c593e6574a1f6b404e4651c221a"}, "modules": {"ptd_client_server.lib.client": "lib/client.py", "ptd_client_server.lib.common": "lib/common.py", "ptd_client_server.lib.external.ntplib": "lib/external/ntplib.py", "ptd_client_server.lib.source_hashes": "lib/source_hashes.py", "ptd_client_server.lib.summary": "lib/summary.py", "ptd_client_server.lib.time_sync": "lib/time_sync.py"}}
client 2024-07-24 01:10:39,771 [INFO] Running workload in ranging mode
client 2024-07-24 01:10:39,771 [INFO] Synchronizing with the server and with ib-01.dc4-in.nvidia.com...
client 2024-07-24 01:10:39,999 [INFO] NTP:offset = 0.000 s, delay = 0.227 s 
client 2024-07-24 01:10:40,000 [INFO] Sending command to the server: 'time'
client 2024-07-24 01:10:40,001 [INFO] Got response: '1721808640.002049'
client 2024-07-24 01:10:40,001 [INFO] The time difference between the client and the server is within range -2.013 ms..-0.213 ms
client 2024-07-24 01:10:40,001 [INFO] Sending command to the server: 'session,2024-07-24_01-10-39,start,ranging'
client 2024-07-24 01:11:19,918 [INFO] Got response: 'OK'
client 2024-07-24 01:11:19,918 [INFO] Sending command to the server: 'time'
client 2024-07-24 01:11:19,919 [INFO] Got response: '1721808679.9202151'
client 2024-07-24 01:11:19,919 [INFO] The time difference between the client and the server is within range -1.874 ms..-0.357 ms
client 2024-07-24 01:11:19,919 [INFO] Running the workload 'LOG_DIR=/work/build/power_logs_temp python3.10 -m code.main --benchmarks=bert --scenarios=Server --test_mode=PerformanceOnly --config_ver=maxq_high_accuracy --action="run_harness" \\\n\t\t2>&1 | tee -a /work/build/power_logs/2024.07.24-01.09.19/stdout.txt \\\n\t\t&& if [ ! -d /work/build/power_logs/2024.07.24-01.09.19/ranging_tmp ]; \\\n\t\t\tthen mkdir /work/build/power_logs/2024.07.24-01.09.19/ranging_tmp \\\n\t\t\t\t&& mv /work/build/power_logs_temp/* /work/build/power_logs/2024.07.24-01.09.19/ranging_tmp/ \\\n\t\t\t\t&& cp -v /work/build/power_logs/2024.07.24-01.09.19/ranging_tmp/*/*/*/mlperf_log_detail.txt /work/build/power_logs_temp/ \\\n\t\t\t\t&& cp -v /work/build/power_logs/2024.07.24-01.09.19/ranging_tmp/*/*/*/mlperf_log_summary.txt /work/build/power_logs_temp/; \\\n\t\t\telse mkdir /work/build/power_logs/2024.07.24-01.09.19/testing_tmp \\\n\t\t\t\t&& mv /work/build/power_logs_temp/* /work/build/power_logs/2024.07.24-01.09.19/testing_tmp/ \\\n\t\t\t\t&& cp -v /work/build/power_logs/2024.07.24-01.09.19/testing_tmp/*/*/*/mlperf_log_detail.txt /work/build/power_logs_temp/ \\\n\t\t\t\t&& cp -v /work/build/power_logs/2024.07.24-01.09.19/testing_tmp/*/*/*/mlperf_log_summary.txt /work/build/power_logs_temp/; fi'
client 2024-07-24 01:22:36,758 [INFO] Sending command to the server: 'time'
client 2024-07-24 01:22:36,760 [INFO] Got response: '1721809356.7609189'
client 2024-07-24 01:22:36,760 [INFO] The time difference between the client and the server is within range -2.211 ms..-0.275 ms
client 2024-07-24 01:22:36,760 [INFO] Sending command to the server: 'session,2024-07-24_01-10-39,stop,ranging'
client 2024-07-24 01:22:47,014 [INFO] Got response: 'OK'
client 2024-07-24 01:22:47,014 [INFO] Sending command to the server: 'time'
client 2024-07-24 01:22:47,015 [INFO] Got response: '1721809367.0162702'
client 2024-07-24 01:22:47,015 [INFO] The time difference between the client and the server is within range -1.909 ms..-0.461 ms
client 2024-07-24 01:22:47,027 [INFO] Copying loadgen logs from '/work/build/power_logs_temp' to '/work/build/power_logs/2024.07.24-01.09.19/2024-07-24_01-10-39/ranging'
client 2024-07-24 01:22:47,047 [INFO] Running workload in testing mode
client 2024-07-24 01:22:47,047 [INFO] Synchronizing with the server and with ib-01.dc4-in.nvidia.com...
client 2024-07-24 01:22:47,276 [INFO] NTP:offset = 0.000 s, delay = 0.227 s 
client 2024-07-24 01:22:47,276 [INFO] Sending command to the server: 'time'
client 2024-07-24 01:22:47,278 [INFO] Got response: '1721809367.278804'
client 2024-07-24 01:22:47,278 [INFO] The time difference between the client and the server is within range -1.911 ms..-0.348 ms
client 2024-07-24 01:22:47,278 [INFO] Sending command to the server: 'session,2024-07-24_01-10-39,start,testing'
client 2024-07-24 01:23:08,904 [INFO] Got response: 'OK'
client 2024-07-24 01:23:08,904 [INFO] Sending command to the server: 'time'
client 2024-07-24 01:23:08,906 [INFO] Got response: '1721809388.9065166'
client 2024-07-24 01:23:08,906 [INFO] The time difference between the client and the server is within range -2.056 ms..-0.454 ms
client 2024-07-24 01:23:08,906 [INFO] Running the workload 'LOG_DIR=/work/build/power_logs_temp python3.10 -m code.main --benchmarks=bert --scenarios=Server --test_mode=PerformanceOnly --config_ver=maxq_high_accuracy --action="run_harness" \\\n\t\t2>&1 | tee -a /work/build/power_logs/2024.07.24-01.09.19/stdout.txt \\\n\t\t&& if [ ! -d /work/build/power_logs/2024.07.24-01.09.19/ranging_tmp ]; \\\n\t\t\tthen mkdir /work/build/power_logs/2024.07.24-01.09.19/ranging_tmp \\\n\t\t\t\t&& mv /work/build/power_logs_temp/* /work/build/power_logs/2024.07.24-01.09.19/ranging_tmp/ \\\n\t\t\t\t&& cp -v /work/build/power_logs/2024.07.24-01.09.19/ranging_tmp/*/*/*/mlperf_log_detail.txt /work/build/power_logs_temp/ \\\n\t\t\t\t&& cp -v /work/build/power_logs/2024.07.24-01.09.19/ranging_tmp/*/*/*/mlperf_log_summary.txt /work/build/power_logs_temp/; \\\n\t\t\telse mkdir /work/build/power_logs/2024.07.24-01.09.19/testing_tmp \\\n\t\t\t\t&& mv /work/build/power_logs_temp/* /work/build/power_logs/2024.07.24-01.09.19/testing_tmp/ \\\n\t\t\t\t&& cp -v /work/build/power_logs/2024.07.24-01.09.19/testing_tmp/*/*/*/mlperf_log_detail.txt /work/build/power_logs_temp/ \\\n\t\t\t\t&& cp -v /work/build/power_logs/2024.07.24-01.09.19/testing_tmp/*/*/*/mlperf_log_summary.txt /work/build/power_logs_temp/; fi'
client 2024-07-24 01:34:26,675 [INFO] Sending command to the server: 'time'
client 2024-07-24 01:34:26,677 [INFO] Got response: '1721810066.6774764'
client 2024-07-24 01:34:26,677 [INFO] The time difference between the client and the server is within range -2.307 ms..-0.376 ms
client 2024-07-24 01:34:26,677 [INFO] Sending command to the server: 'session,2024-07-24_01-10-39,stop,testing'
client 2024-07-24 01:34:36,970 [INFO] Got response: 'OK'
client 2024-07-24 01:34:36,970 [INFO] Sending command to the server: 'time'
client 2024-07-24 01:34:36,971 [INFO] Got response: '1721810076.972467'
client 2024-07-24 01:34:36,971 [INFO] The time difference between the client and the server is within range -1.885 ms..-0.632 ms
client 2024-07-24 01:34:36,984 [INFO] Copying loadgen logs from '/work/build/power_logs_temp' to '/work/build/power_logs/2024.07.24-01.09.19/2024-07-24_01-10-39/run_1'
client 2024-07-24 01:34:37,004 [INFO] Done runs
