client 2024-07-19 10:20:36,908 [INFO] Sending command to the server: 'mlcommons/power client v3'
client 2024-07-19 10:20:36,910 [INFO] Got response: 'mlcommons/power server v3'
client 2024-07-19 10:20:36,910 [INFO] Sending command to the server: 'stop'
client 2024-07-19 10:20:36,911 [INFO] Got response: 'OK'
client 2024-07-19 10:20:36,911 [INFO] Synchronizing with the server and with ib-01.dc4-in.nvidia.com...
client 2024-07-19 10:20:37,141 [INFO] NTP:offset = -0.001 s, delay = 0.227 s 
client 2024-07-19 10:20:37,141 [INFO] Sending command to the server: 'time'
client 2024-07-19 10:20:37,142 [INFO] Got response: '1721409637.1425412'
client 2024-07-19 10:20:37,142 [INFO] The time difference between the client and the server is within range -1.320 ms..0.270 ms
client 2024-07-19 10:20:37,142 [INFO] Sending command to the server: 'new,,2684aaa0-71b2-4f39-b47e-14d4d12f06f8'
client 2024-07-19 10:20:37,144 [INFO] Got response: 'OK 2024-07-19_10-20-37,5114b84e-37eb-40d0-8465-c803b795636e'
client 2024-07-19 10:20:37,144 [INFO] Session id is '2024-07-19_10-20-37'
client 2024-07-19 10:20:37,144 [INFO] Sources: {"sources": {"__init__.py": "da39a3ee5e6b4b0d3255bfef95601890afd80709", "client.py": "33ca4f26368777ac06e01f9567b714a4b8063886", "lib/__init__.py": "da39a3ee5e6b4b0d3255bfef95601890afd80709", "lib/client.py": "ac2aa093c8e8bbc9569b9e2a3471bc64e58a2258", "lib/common.py": "611d8b29633d331eb19c9455ea3b5fa3284ed6df", "lib/external/__init__.py": "da39a3ee5e6b4b0d3255bfef95601890afd80709", "lib/external/ntplib.py": "4da8f970656505a40483206ef2b5d3dd5e81711d", "lib/server.py": "99303c836c683aa9017ec565104e636161d02acb", "lib/source_hashes.py": "60a2e02193209e8d392803326208d5466342da18", "lib/summary.py": "aa92f0a3f975eecd44d3c0cd0236342ccc9f941d", "lib/time_sync.py": "80894ef2389e540781ff78de94db16aa4203a14e", "server.py": "c3f90f2f7eeb4db30727556d0c815ebc89b3d28b", "tests/unit/__init__.py": "da39a3ee5e6b4b0d3255bfef95601890afd80709", "tests/unit/test_server.py": "948c1995d4008bc2aa6c4046a34ffa3858d6d671", "tests/unit/test_source_hashes.py": "00468a2907583c593e6574a1f6b404e4651c221a"}, "modules": {"ptd_client_server.lib.client": "lib/client.py", "ptd_client_server.lib.common": "lib/common.py", "ptd_client_server.lib.external.ntplib": "lib/external/ntplib.py", "ptd_client_server.lib.source_hashes": "lib/source_hashes.py", "ptd_client_server.lib.summary": "lib/summary.py", "ptd_client_server.lib.time_sync": "lib/time_sync.py"}}
client 2024-07-19 10:20:37,146 [INFO] Running workload in ranging mode
client 2024-07-19 10:20:37,146 [INFO] Synchronizing with the server and with ib-01.dc4-in.nvidia.com...
client 2024-07-19 10:20:37,374 [INFO] NTP:offset = -0.001 s, delay = 0.227 s 
client 2024-07-19 10:20:37,374 [INFO] Sending command to the server: 'time'
client 2024-07-19 10:20:37,376 [INFO] Got response: '1721409637.3759482'
client 2024-07-19 10:20:37,376 [INFO] The time difference between the client and the server is within range -1.290 ms..0.260 ms
client 2024-07-19 10:20:37,376 [INFO] Sending command to the server: 'session,2024-07-19_10-20-37,start,ranging'
client 2024-07-19 10:21:17,288 [INFO] Got response: 'OK'
client 2024-07-19 10:21:17,288 [INFO] Sending command to the server: 'time'
client 2024-07-19 10:21:17,290 [INFO] Got response: '1721409677.2900898'
client 2024-07-19 10:21:17,290 [INFO] The time difference between the client and the server is within range -1.370 ms..0.138 ms
client 2024-07-19 10:21:17,290 [INFO] Running the workload 'LOG_DIR=/work/build/power_logs_temp python3.10 -m code.main --benchmarks=sdxl --scenarios=offline --config_ver=maxq --test_mode=PerformanceOnly --action="run_harness" \\\n\t\t2>&1 | tee -a /work/build/power_logs/2024.07.19-10.19.14/stdout.txt \\\n\t\t&& if [ ! -d /work/build/power_logs/2024.07.19-10.19.14/ranging_tmp ]; \\\n\t\t\tthen mkdir /work/build/power_logs/2024.07.19-10.19.14/ranging_tmp \\\n\t\t\t\t&& mv /work/build/power_logs_temp/* /work/build/power_logs/2024.07.19-10.19.14/ranging_tmp/ \\\n\t\t\t\t&& cp -v /work/build/power_logs/2024.07.19-10.19.14/ranging_tmp/*/*/*/mlperf_log_detail.txt /work/build/power_logs_temp/ \\\n\t\t\t\t&& cp -v /work/build/power_logs/2024.07.19-10.19.14/ranging_tmp/*/*/*/mlperf_log_summary.txt /work/build/power_logs_temp/; \\\n\t\t\telse mkdir /work/build/power_logs/2024.07.19-10.19.14/testing_tmp \\\n\t\t\t\t&& mv /work/build/power_logs_temp/* /work/build/power_logs/2024.07.19-10.19.14/testing_tmp/ \\\n\t\t\t\t&& cp -v /work/build/power_logs/2024.07.19-10.19.14/testing_tmp/*/*/*/mlperf_log_detail.txt /work/build/power_logs_temp/ \\\n\t\t\t\t&& cp -v /work/build/power_logs/2024.07.19-10.19.14/testing_tmp/*/*/*/mlperf_log_summary.txt /work/build/power_logs_temp/; fi'
client 2024-07-19 10:40:04,216 [INFO] Sending command to the server: 'time'
client 2024-07-19 10:40:04,218 [INFO] Got response: '1721410804.2177787'
client 2024-07-19 10:40:04,218 [INFO] The time difference between the client and the server is within range -1.510 ms..0.389 ms
client 2024-07-19 10:40:04,218 [INFO] Sending command to the server: 'session,2024-07-19_10-20-37,stop,ranging'
client 2024-07-19 10:40:14,401 [INFO] Got response: 'OK'
client 2024-07-19 10:40:14,401 [INFO] Sending command to the server: 'time'
client 2024-07-19 10:40:14,402 [INFO] Got response: '1721410814.402606'
client 2024-07-19 10:40:14,402 [INFO] The time difference between the client and the server is within range -1.163 ms..0.216 ms
client 2024-07-19 10:40:14,407 [INFO] Copying loadgen logs from '/work/build/power_logs_temp' to '/work/build/power_logs/2024.07.19-10.19.14/2024-07-19_10-20-37/ranging'
client 2024-07-19 10:40:14,413 [INFO] Running workload in testing mode
client 2024-07-19 10:40:14,413 [INFO] Synchronizing with the server and with ib-01.dc4-in.nvidia.com...
client 2024-07-19 10:40:14,641 [INFO] NTP:offset = -0.001 s, delay = 0.227 s 
client 2024-07-19 10:40:14,642 [INFO] Sending command to the server: 'time'
client 2024-07-19 10:40:14,643 [INFO] Got response: '1721410814.6432846'
client 2024-07-19 10:40:14,643 [INFO] The time difference between the client and the server is within range -1.266 ms..0.311 ms
client 2024-07-19 10:40:14,643 [INFO] Sending command to the server: 'session,2024-07-19_10-20-37,start,testing'
client 2024-07-19 10:40:36,269 [INFO] Got response: 'OK'
client 2024-07-19 10:40:36,269 [INFO] Sending command to the server: 'time'
client 2024-07-19 10:40:36,271 [INFO] Got response: '1721410836.2711322'
client 2024-07-19 10:40:36,271 [INFO] The time difference between the client and the server is within range -1.251 ms..0.210 ms
client 2024-07-19 10:40:36,271 [INFO] Running the workload 'LOG_DIR=/work/build/power_logs_temp python3.10 -m code.main --benchmarks=sdxl --scenarios=offline --config_ver=maxq --test_mode=PerformanceOnly --action="run_harness" \\\n\t\t2>&1 | tee -a /work/build/power_logs/2024.07.19-10.19.14/stdout.txt \\\n\t\t&& if [ ! -d /work/build/power_logs/2024.07.19-10.19.14/ranging_tmp ]; \\\n\t\t\tthen mkdir /work/build/power_logs/2024.07.19-10.19.14/ranging_tmp \\\n\t\t\t\t&& mv /work/build/power_logs_temp/* /work/build/power_logs/2024.07.19-10.19.14/ranging_tmp/ \\\n\t\t\t\t&& cp -v /work/build/power_logs/2024.07.19-10.19.14/ranging_tmp/*/*/*/mlperf_log_detail.txt /work/build/power_logs_temp/ \\\n\t\t\t\t&& cp -v /work/build/power_logs/2024.07.19-10.19.14/ranging_tmp/*/*/*/mlperf_log_summary.txt /work/build/power_logs_temp/; \\\n\t\t\telse mkdir /work/build/power_logs/2024.07.19-10.19.14/testing_tmp \\\n\t\t\t\t&& mv /work/build/power_logs_temp/* /work/build/power_logs/2024.07.19-10.19.14/testing_tmp/ \\\n\t\t\t\t&& cp -v /work/build/power_logs/2024.07.19-10.19.14/testing_tmp/*/*/*/mlperf_log_detail.txt /work/build/power_logs_temp/ \\\n\t\t\t\t&& cp -v /work/build/power_logs/2024.07.19-10.19.14/testing_tmp/*/*/*/mlperf_log_summary.txt /work/build/power_logs_temp/; fi'
client 2024-07-19 10:59:10,739 [INFO] Sending command to the server: 'time'
client 2024-07-19 10:59:10,741 [INFO] Got response: '1721411950.7411103'
client 2024-07-19 10:59:10,741 [INFO] The time difference between the client and the server is within range -1.205 ms..0.671 ms
client 2024-07-19 10:59:10,741 [INFO] Sending command to the server: 'session,2024-07-19_10-20-37,stop,testing'
client 2024-07-19 10:59:21,353 [INFO] Got response: 'OK'
client 2024-07-19 10:59:21,354 [INFO] Sending command to the server: 'time'
client 2024-07-19 10:59:21,355 [INFO] Got response: '1721411961.3547451'
client 2024-07-19 10:59:21,355 [INFO] The time difference between the client and the server is within range -0.755 ms..0.453 ms
client 2024-07-19 10:59:21,367 [INFO] Copying loadgen logs from '/work/build/power_logs_temp' to '/work/build/power_logs/2024.07.19-10.19.14/2024-07-19_10-20-37/run_1'
client 2024-07-19 10:59:21,372 [INFO] Done runs
