client 2024-07-12 00:54:08,676 [INFO] Sending command to the server: 'mlcommons/power client v3'
client 2024-07-12 00:54:08,678 [INFO] Got response: 'mlcommons/power server v3'
client 2024-07-12 00:54:08,678 [INFO] Sending command to the server: 'stop'
client 2024-07-12 00:54:08,680 [INFO] Got response: 'OK'
client 2024-07-12 00:54:08,680 [INFO] Synchronizing with the server and with ib-01.dc4-in.nvidia.com...
client 2024-07-12 00:54:08,914 [INFO] NTP:offset = -0.000 s, delay = 0.228 s 
client 2024-07-12 00:54:08,914 [INFO] Sending command to the server: 'time'
client 2024-07-12 00:54:08,915 [INFO] Got response: '1720770848.9155085'
client 2024-07-12 00:54:08,915 [INFO] The time difference between the client and the server is within range -1.192 ms..0.403 ms
client 2024-07-12 00:54:08,915 [INFO] Sending command to the server: 'new,,942b6f3d-6264-4f32-a860-e074e13c98ef'
client 2024-07-12 00:54:08,917 [INFO] Got response: 'OK 2024-07-12_00-54-08,5d365a69-2317-4ac9-863d-1ae6257651ff'
client 2024-07-12 00:54:08,917 [INFO] Session id is '2024-07-12_00-54-08'
client 2024-07-12 00:54:08,917 [INFO] Sources: {"sources": {"__init__.py": "da39a3ee5e6b4b0d3255bfef95601890afd80709", "client.py": "33ca4f26368777ac06e01f9567b714a4b8063886", "lib/__init__.py": "da39a3ee5e6b4b0d3255bfef95601890afd80709", "lib/client.py": "ac2aa093c8e8bbc9569b9e2a3471bc64e58a2258", "lib/common.py": "611d8b29633d331eb19c9455ea3b5fa3284ed6df", "lib/external/__init__.py": "da39a3ee5e6b4b0d3255bfef95601890afd80709", "lib/external/ntplib.py": "4da8f970656505a40483206ef2b5d3dd5e81711d", "lib/server.py": "99303c836c683aa9017ec565104e636161d02acb", "lib/source_hashes.py": "60a2e02193209e8d392803326208d5466342da18", "lib/summary.py": "aa92f0a3f975eecd44d3c0cd0236342ccc9f941d", "lib/time_sync.py": "80894ef2389e540781ff78de94db16aa4203a14e", "server.py": "c3f90f2f7eeb4db30727556d0c815ebc89b3d28b", "tests/unit/__init__.py": "da39a3ee5e6b4b0d3255bfef95601890afd80709", "tests/unit/test_server.py": "948c1995d4008bc2aa6c4046a34ffa3858d6d671", "tests/unit/test_source_hashes.py": "00468a2907583c593e6574a1f6b404e4651c221a"}, "modules": {"ptd_client_server.lib.client": "lib/client.py", "ptd_client_server.lib.common": "lib/common.py", "ptd_client_server.lib.external.ntplib": "lib/external/ntplib.py", "ptd_client_server.lib.source_hashes": "lib/source_hashes.py", "ptd_client_server.lib.summary": "lib/summary.py", "ptd_client_server.lib.time_sync": "lib/time_sync.py"}}
client 2024-07-12 00:54:08,921 [INFO] Running workload in ranging mode
client 2024-07-12 00:54:08,921 [INFO] Synchronizing with the server and with ib-01.dc4-in.nvidia.com...
client 2024-07-12 00:54:09,151 [INFO] NTP:offset = -0.000 s, delay = 0.228 s 
client 2024-07-12 00:54:09,151 [INFO] Sending command to the server: 'time'
client 2024-07-12 00:54:09,152 [INFO] Got response: '1720770849.1526334'
client 2024-07-12 00:54:09,153 [INFO] The time difference between the client and the server is within range -1.200 ms..0.381 ms
client 2024-07-12 00:54:09,153 [INFO] Sending command to the server: 'session,2024-07-12_00-54-08,start,ranging'
client 2024-07-12 00:54:49,067 [INFO] Got response: 'OK'
client 2024-07-12 00:54:49,067 [INFO] Sending command to the server: 'time'
client 2024-07-12 00:54:49,068 [INFO] Got response: '1720770889.0683577'
client 2024-07-12 00:54:49,068 [INFO] The time difference between the client and the server is within range -1.156 ms..0.286 ms
client 2024-07-12 00:54:49,068 [INFO] Running the workload 'LOG_DIR=/work/build/power_logs_temp python3.10 -m code.main --benchmarks=dlrmv2 --scenarios=Offline --config_ver=maxq_high_accuracy --test_mode=PerformanceOnly --action="run_harness" \\\n\t\t2>&1 | tee -a /work/build/power_logs/2024.07.12-00.52.48/stdout.txt \\\n\t\t&& if [ ! -d /work/build/power_logs/2024.07.12-00.52.48/ranging_tmp ]; \\\n\t\t\tthen mkdir /work/build/power_logs/2024.07.12-00.52.48/ranging_tmp \\\n\t\t\t\t&& mv /work/build/power_logs_temp/* /work/build/power_logs/2024.07.12-00.52.48/ranging_tmp/ \\\n\t\t\t\t&& cp -v /work/build/power_logs/2024.07.12-00.52.48/ranging_tmp/*/*/*/mlperf_log_detail.txt /work/build/power_logs_temp/ \\\n\t\t\t\t&& cp -v /work/build/power_logs/2024.07.12-00.52.48/ranging_tmp/*/*/*/mlperf_log_summary.txt /work/build/power_logs_temp/; \\\n\t\t\telse mkdir /work/build/power_logs/2024.07.12-00.52.48/testing_tmp \\\n\t\t\t\t&& mv /work/build/power_logs_temp/* /work/build/power_logs/2024.07.12-00.52.48/testing_tmp/ \\\n\t\t\t\t&& cp -v /work/build/power_logs/2024.07.12-00.52.48/testing_tmp/*/*/*/mlperf_log_detail.txt /work/build/power_logs_temp/ \\\n\t\t\t\t&& cp -v /work/build/power_logs/2024.07.12-00.52.48/testing_tmp/*/*/*/mlperf_log_summary.txt /work/build/power_logs_temp/; fi'
client 2024-07-12 01:30:49,802 [INFO] Sending command to the server: 'time'
client 2024-07-12 01:30:49,804 [INFO] Got response: '1720773049.8039217'
client 2024-07-12 01:30:49,804 [INFO] The time difference between the client and the server is within range -1.122 ms..0.800 ms
client 2024-07-12 01:30:49,804 [INFO] Sending command to the server: 'session,2024-07-12_00-54-08,stop,ranging'
client 2024-07-12 01:31:00,217 [INFO] Got response: 'OK'
client 2024-07-12 01:31:00,217 [INFO] Sending command to the server: 'time'
client 2024-07-12 01:31:00,219 [INFO] Got response: '1720773060.2185175'
client 2024-07-12 01:31:00,219 [INFO] The time difference between the client and the server is within range -0.762 ms..0.679 ms
client 2024-07-12 01:31:00,255 [INFO] Copying loadgen logs from '/work/build/power_logs_temp' to '/work/build/power_logs/2024.07.12-00.52.48/2024-07-12_00-54-08/ranging'
client 2024-07-12 01:31:00,282 [INFO] Running workload in testing mode
client 2024-07-12 01:31:00,282 [INFO] Synchronizing with the server and with ib-01.dc4-in.nvidia.com...
client 2024-07-12 01:31:00,512 [INFO] NTP:offset = 0.000 s, delay = 0.228 s 
client 2024-07-12 01:31:00,512 [INFO] Sending command to the server: 'time'
client 2024-07-12 01:31:00,515 [INFO] Got response: '1720773060.5134313'
client 2024-07-12 01:31:00,515 [INFO] The time difference between the client and the server is within range -0.781 ms..2.539 ms
client 2024-07-12 01:31:00,515 [INFO] Sending command to the server: 'session,2024-07-12_00-54-08,start,testing'
client 2024-07-12 01:31:22,139 [INFO] Got response: 'OK'
client 2024-07-12 01:31:22,139 [INFO] Sending command to the server: 'time'
client 2024-07-12 01:31:22,141 [INFO] Got response: '1720773082.1406636'
client 2024-07-12 01:31:22,141 [INFO] The time difference between the client and the server is within range -0.766 ms..0.632 ms
client 2024-07-12 01:31:22,141 [INFO] Running the workload 'LOG_DIR=/work/build/power_logs_temp python3.10 -m code.main --benchmarks=dlrmv2 --scenarios=Offline --config_ver=maxq_high_accuracy --test_mode=PerformanceOnly --action="run_harness" \\\n\t\t2>&1 | tee -a /work/build/power_logs/2024.07.12-00.52.48/stdout.txt \\\n\t\t&& if [ ! -d /work/build/power_logs/2024.07.12-00.52.48/ranging_tmp ]; \\\n\t\t\tthen mkdir /work/build/power_logs/2024.07.12-00.52.48/ranging_tmp \\\n\t\t\t\t&& mv /work/build/power_logs_temp/* /work/build/power_logs/2024.07.12-00.52.48/ranging_tmp/ \\\n\t\t\t\t&& cp -v /work/build/power_logs/2024.07.12-00.52.48/ranging_tmp/*/*/*/mlperf_log_detail.txt /work/build/power_logs_temp/ \\\n\t\t\t\t&& cp -v /work/build/power_logs/2024.07.12-00.52.48/ranging_tmp/*/*/*/mlperf_log_summary.txt /work/build/power_logs_temp/; \\\n\t\t\telse mkdir /work/build/power_logs/2024.07.12-00.52.48/testing_tmp \\\n\t\t\t\t&& mv /work/build/power_logs_temp/* /work/build/power_logs/2024.07.12-00.52.48/testing_tmp/ \\\n\t\t\t\t&& cp -v /work/build/power_logs/2024.07.12-00.52.48/testing_tmp/*/*/*/mlperf_log_detail.txt /work/build/power_logs_temp/ \\\n\t\t\t\t&& cp -v /work/build/power_logs/2024.07.12-00.52.48/testing_tmp/*/*/*/mlperf_log_summary.txt /work/build/power_logs_temp/; fi'
client 2024-07-12 01:48:40,768 [INFO] Sending command to the server: 'time'
client 2024-07-12 01:48:40,770 [INFO] Got response: '1720774120.7697606'
client 2024-07-12 01:48:40,770 [INFO] The time difference between the client and the server is within range -0.936 ms..1.030 ms
client 2024-07-12 01:48:40,770 [INFO] Sending command to the server: 'session,2024-07-12_00-54-08,stop,testing'
client 2024-07-12 01:48:51,222 [INFO] Got response: 'OK'
client 2024-07-12 01:48:51,222 [INFO] Sending command to the server: 'time'
client 2024-07-12 01:48:51,223 [INFO] Got response: '1720774131.2229018'
client 2024-07-12 01:48:51,223 [INFO] The time difference between the client and the server is within range -0.537 ms..0.859 ms
client 2024-07-12 01:48:51,261 [INFO] Copying loadgen logs from '/work/build/power_logs_temp' to '/work/build/power_logs/2024.07.12-00.52.48/2024-07-12_00-54-08/run_1'
client 2024-07-12 01:48:51,290 [INFO] Done runs
