client 2024-07-13 10:34:55,442 [INFO] Sending command to the server: 'mlcommons/power client v3'
client 2024-07-13 10:34:55,443 [INFO] Got response: 'mlcommons/power server v3'
client 2024-07-13 10:34:55,443 [INFO] Sending command to the server: 'stop'
client 2024-07-13 10:34:55,444 [INFO] Got response: 'OK'
client 2024-07-13 10:34:55,444 [INFO] Synchronizing with the server and with ib-01.dc4-in.nvidia.com...
client 2024-07-13 10:34:55,675 [INFO] NTP:offset = -0.001 s, delay = 0.228 s 
client 2024-07-13 10:34:55,675 [INFO] Sending command to the server: 'time'
client 2024-07-13 10:34:55,676 [INFO] Got response: '1720892095.6757414'
client 2024-07-13 10:34:55,676 [INFO] The time difference between the client and the server is within range -0.057 ms..1.113 ms
client 2024-07-13 10:34:55,676 [INFO] Sending command to the server: 'new,,0d0de55b-4925-4ac1-9339-071442a700fc'
client 2024-07-13 10:34:55,678 [INFO] Got response: 'OK 2024-07-13_10-34-55,4a95cc5b-74ca-4dd3-a9c9-fb365f7428cb'
client 2024-07-13 10:34:55,678 [INFO] Session id is '2024-07-13_10-34-55'
client 2024-07-13 10:34:55,678 [INFO] Sources: {"sources": {"__init__.py": "da39a3ee5e6b4b0d3255bfef95601890afd80709", "client.py": "33ca4f26368777ac06e01f9567b714a4b8063886", "lib/__init__.py": "da39a3ee5e6b4b0d3255bfef95601890afd80709", "lib/client.py": "ac2aa093c8e8bbc9569b9e2a3471bc64e58a2258", "lib/common.py": "611d8b29633d331eb19c9455ea3b5fa3284ed6df", "lib/external/__init__.py": "da39a3ee5e6b4b0d3255bfef95601890afd80709", "lib/external/ntplib.py": "4da8f970656505a40483206ef2b5d3dd5e81711d", "lib/server.py": "99303c836c683aa9017ec565104e636161d02acb", "lib/source_hashes.py": "60a2e02193209e8d392803326208d5466342da18", "lib/summary.py": "aa92f0a3f975eecd44d3c0cd0236342ccc9f941d", "lib/time_sync.py": "80894ef2389e540781ff78de94db16aa4203a14e", "server.py": "c3f90f2f7eeb4db30727556d0c815ebc89b3d28b", "tests/unit/__init__.py": "da39a3ee5e6b4b0d3255bfef95601890afd80709", "tests/unit/test_server.py": "948c1995d4008bc2aa6c4046a34ffa3858d6d671", "tests/unit/test_source_hashes.py": "00468a2907583c593e6574a1f6b404e4651c221a"}, "modules": {"ptd_client_server.lib.client": "lib/client.py", "ptd_client_server.lib.common": "lib/common.py", "ptd_client_server.lib.external.ntplib": "lib/external/ntplib.py", "ptd_client_server.lib.source_hashes": "lib/source_hashes.py", "ptd_client_server.lib.summary": "lib/summary.py", "ptd_client_server.lib.time_sync": "lib/time_sync.py"}}
client 2024-07-13 10:34:55,681 [INFO] Running workload in ranging mode
client 2024-07-13 10:34:55,681 [INFO] Synchronizing with the server and with ib-01.dc4-in.nvidia.com...
client 2024-07-13 10:34:55,909 [INFO] NTP:offset = -0.000 s, delay = 0.227 s 
client 2024-07-13 10:34:55,909 [INFO] Sending command to the server: 'time'
client 2024-07-13 10:34:55,911 [INFO] Got response: '1720892095.9100075'
client 2024-07-13 10:34:55,911 [INFO] The time difference between the client and the server is within range -0.058 ms..1.097 ms
client 2024-07-13 10:34:55,911 [INFO] Sending command to the server: 'session,2024-07-13_10-34-55,start,ranging'
client 2024-07-13 10:35:35,825 [INFO] Got response: 'OK'
client 2024-07-13 10:35:35,826 [INFO] Sending command to the server: 'time'
client 2024-07-13 10:35:35,827 [INFO] Got response: '1720892135.8261955'
client 2024-07-13 10:35:35,827 [INFO] The time difference between the client and the server is within range -0.167 ms..0.933 ms
client 2024-07-13 10:35:35,827 [INFO] Running the workload 'LOG_DIR=/work/build/power_logs_temp python3.10 -m code.main --benchmarks=bert --scenarios=Offline --config_ver=maxq_high_accuracy --test_mode=PerformanceOnly --action="run_harness" \\\n\t\t2>&1 | tee -a /work/build/power_logs/2024.07.13-10.33.36/stdout.txt \\\n\t\t&& if [ ! -d /work/build/power_logs/2024.07.13-10.33.36/ranging_tmp ]; \\\n\t\t\tthen mkdir /work/build/power_logs/2024.07.13-10.33.36/ranging_tmp \\\n\t\t\t\t&& mv /work/build/power_logs_temp/* /work/build/power_logs/2024.07.13-10.33.36/ranging_tmp/ \\\n\t\t\t\t&& cp -v /work/build/power_logs/2024.07.13-10.33.36/ranging_tmp/*/*/*/mlperf_log_detail.txt /work/build/power_logs_temp/ \\\n\t\t\t\t&& cp -v /work/build/power_logs/2024.07.13-10.33.36/ranging_tmp/*/*/*/mlperf_log_summary.txt /work/build/power_logs_temp/; \\\n\t\t\telse mkdir /work/build/power_logs/2024.07.13-10.33.36/testing_tmp \\\n\t\t\t\t&& mv /work/build/power_logs_temp/* /work/build/power_logs/2024.07.13-10.33.36/testing_tmp/ \\\n\t\t\t\t&& cp -v /work/build/power_logs/2024.07.13-10.33.36/testing_tmp/*/*/*/mlperf_log_detail.txt /work/build/power_logs_temp/ \\\n\t\t\t\t&& cp -v /work/build/power_logs/2024.07.13-10.33.36/testing_tmp/*/*/*/mlperf_log_summary.txt /work/build/power_logs_temp/; fi'
client 2024-07-13 10:48:47,238 [INFO] Sending command to the server: 'time'
client 2024-07-13 10:48:47,240 [INFO] Got response: '1720892927.2391353'
client 2024-07-13 10:48:47,240 [INFO] The time difference between the client and the server is within range -0.664 ms..0.921 ms
client 2024-07-13 10:48:47,240 [INFO] Sending command to the server: 'session,2024-07-13_10-34-55,stop,ranging'
client 2024-07-13 10:48:57,920 [INFO] Got response: 'OK'
client 2024-07-13 10:48:57,920 [INFO] Sending command to the server: 'time'
client 2024-07-13 10:48:57,921 [INFO] Got response: '1720892937.9211009'
client 2024-07-13 10:48:57,921 [INFO] The time difference between the client and the server is within range -0.142 ms..0.656 ms
client 2024-07-13 10:48:57,932 [INFO] Copying loadgen logs from '/work/build/power_logs_temp' to '/work/build/power_logs/2024.07.13-10.33.36/2024-07-13_10-34-55/ranging'
client 2024-07-13 10:48:57,947 [INFO] Running workload in testing mode
client 2024-07-13 10:48:57,947 [INFO] Synchronizing with the server and with ib-01.dc4-in.nvidia.com...
client 2024-07-13 10:48:58,176 [INFO] NTP:offset = -0.000 s, delay = 0.228 s 
client 2024-07-13 10:48:58,176 [INFO] Sending command to the server: 'time'
client 2024-07-13 10:48:58,177 [INFO] Got response: '1720892938.1771743'
client 2024-07-13 10:48:58,178 [INFO] The time difference between the client and the server is within range -0.332 ms..0.832 ms
client 2024-07-13 10:48:58,178 [INFO] Sending command to the server: 'session,2024-07-13_10-34-55,start,testing'
client 2024-07-13 10:49:19,803 [INFO] Got response: 'OK'
client 2024-07-13 10:49:19,803 [INFO] Sending command to the server: 'time'
client 2024-07-13 10:49:19,804 [INFO] Got response: '1720892959.804005'
client 2024-07-13 10:49:19,804 [INFO] The time difference between the client and the server is within range -0.365 ms..0.727 ms
client 2024-07-13 10:49:19,804 [INFO] Running the workload 'LOG_DIR=/work/build/power_logs_temp python3.10 -m code.main --benchmarks=bert --scenarios=Offline --config_ver=maxq_high_accuracy --test_mode=PerformanceOnly --action="run_harness" \\\n\t\t2>&1 | tee -a /work/build/power_logs/2024.07.13-10.33.36/stdout.txt \\\n\t\t&& if [ ! -d /work/build/power_logs/2024.07.13-10.33.36/ranging_tmp ]; \\\n\t\t\tthen mkdir /work/build/power_logs/2024.07.13-10.33.36/ranging_tmp \\\n\t\t\t\t&& mv /work/build/power_logs_temp/* /work/build/power_logs/2024.07.13-10.33.36/ranging_tmp/ \\\n\t\t\t\t&& cp -v /work/build/power_logs/2024.07.13-10.33.36/ranging_tmp/*/*/*/mlperf_log_detail.txt /work/build/power_logs_temp/ \\\n\t\t\t\t&& cp -v /work/build/power_logs/2024.07.13-10.33.36/ranging_tmp/*/*/*/mlperf_log_summary.txt /work/build/power_logs_temp/; \\\n\t\t\telse mkdir /work/build/power_logs/2024.07.13-10.33.36/testing_tmp \\\n\t\t\t\t&& mv /work/build/power_logs_temp/* /work/build/power_logs/2024.07.13-10.33.36/testing_tmp/ \\\n\t\t\t\t&& cp -v /work/build/power_logs/2024.07.13-10.33.36/testing_tmp/*/*/*/mlperf_log_detail.txt /work/build/power_logs_temp/ \\\n\t\t\t\t&& cp -v /work/build/power_logs/2024.07.13-10.33.36/testing_tmp/*/*/*/mlperf_log_summary.txt /work/build/power_logs_temp/; fi'
client 2024-07-13 11:02:28,975 [INFO] Sending command to the server: 'time'
client 2024-07-13 11:02:28,976 [INFO] Got response: '1720893748.9756143'
client 2024-07-13 11:02:28,976 [INFO] The time difference between the client and the server is within range -0.634 ms..0.953 ms
client 2024-07-13 11:02:28,976 [INFO] Sending command to the server: 'session,2024-07-13_10-34-55,stop,testing'
client 2024-07-13 11:02:39,881 [INFO] Got response: 'OK'
client 2024-07-13 11:02:39,881 [INFO] Sending command to the server: 'time'
client 2024-07-13 11:02:39,882 [INFO] Got response: '1720893759.8813622'
client 2024-07-13 11:02:39,882 [INFO] The time difference between the client and the server is within range -0.144 ms..0.722 ms
client 2024-07-13 11:02:39,887 [INFO] Copying loadgen logs from '/work/build/power_logs_temp' to '/work/build/power_logs/2024.07.13-10.33.36/2024-07-13_10-34-55/run_1'
client 2024-07-13 11:02:39,900 [INFO] Done runs
