client 2024-07-11 20:16:54,585 [INFO] Sending command to the server: 'mlcommons/power client v3'
client 2024-07-11 20:16:54,587 [INFO] Got response: 'mlcommons/power server v3'
client 2024-07-11 20:16:54,587 [INFO] Sending command to the server: 'stop'
client 2024-07-11 20:16:54,588 [INFO] Got response: 'OK'
client 2024-07-11 20:16:54,588 [INFO] Synchronizing with the server and with ib-01.dc4-in.nvidia.com...
client 2024-07-11 20:16:54,821 [INFO] NTP:offset = 0.001 s, delay = 0.228 s 
client 2024-07-11 20:16:54,821 [INFO] Sending command to the server: 'time'
client 2024-07-11 20:16:54,822 [INFO] Got response: '1720754214.8244667'
client 2024-07-11 20:16:54,822 [INFO] The time difference between the client and the server is within range -3.300 ms..-1.781 ms
client 2024-07-11 20:16:54,822 [INFO] Sending command to the server: 'new,,d8b2bb67-6676-416d-8c07-338a51cb9ec1'
client 2024-07-11 20:16:54,824 [INFO] Got response: 'OK 2024-07-11_20-16-54,ccb51911-9484-42d7-a6ff-d32e4f10c5e3'
client 2024-07-11 20:16:54,824 [INFO] Session id is '2024-07-11_20-16-54'
client 2024-07-11 20:16:54,824 [INFO] Sources: {"sources": {"__init__.py": "da39a3ee5e6b4b0d3255bfef95601890afd80709", "client.py": "33ca4f26368777ac06e01f9567b714a4b8063886", "lib/__init__.py": "da39a3ee5e6b4b0d3255bfef95601890afd80709", "lib/client.py": "ac2aa093c8e8bbc9569b9e2a3471bc64e58a2258", "lib/common.py": "611d8b29633d331eb19c9455ea3b5fa3284ed6df", "lib/external/__init__.py": "da39a3ee5e6b4b0d3255bfef95601890afd80709", "lib/external/ntplib.py": "4da8f970656505a40483206ef2b5d3dd5e81711d", "lib/server.py": "99303c836c683aa9017ec565104e636161d02acb", "lib/source_hashes.py": "60a2e02193209e8d392803326208d5466342da18", "lib/summary.py": "aa92f0a3f975eecd44d3c0cd0236342ccc9f941d", "lib/time_sync.py": "80894ef2389e540781ff78de94db16aa4203a14e", "server.py": "c3f90f2f7eeb4db30727556d0c815ebc89b3d28b", "tests/unit/__init__.py": "da39a3ee5e6b4b0d3255bfef95601890afd80709", "tests/unit/test_server.py": "948c1995d4008bc2aa6c4046a34ffa3858d6d671", "tests/unit/test_source_hashes.py": "00468a2907583c593e6574a1f6b404e4651c221a"}, "modules": {"ptd_client_server.lib.client": "lib/client.py", "ptd_client_server.lib.common": "lib/common.py", "ptd_client_server.lib.external.ntplib": "lib/external/ntplib.py", "ptd_client_server.lib.source_hashes": "lib/source_hashes.py", "ptd_client_server.lib.summary": "lib/summary.py", "ptd_client_server.lib.time_sync": "lib/time_sync.py"}}
client 2024-07-11 20:16:54,827 [INFO] Running workload in ranging mode
client 2024-07-11 20:16:54,827 [INFO] Synchronizing with the server and with ib-01.dc4-in.nvidia.com...
client 2024-07-11 20:16:55,056 [INFO] NTP:offset = 0.001 s, delay = 0.227 s 
client 2024-07-11 20:16:55,056 [INFO] Sending command to the server: 'time'
client 2024-07-11 20:16:55,057 [INFO] Got response: '1720754215.0594492'
client 2024-07-11 20:16:55,057 [INFO] The time difference between the client and the server is within range -3.302 ms..-1.758 ms
client 2024-07-11 20:16:55,057 [INFO] Sending command to the server: 'session,2024-07-11_20-16-54,start,ranging'
client 2024-07-11 20:17:34,969 [INFO] Got response: 'OK'
client 2024-07-11 20:17:34,970 [INFO] Sending command to the server: 'time'
client 2024-07-11 20:17:34,971 [INFO] Got response: '1720754254.9735217'
client 2024-07-11 20:17:34,971 [INFO] The time difference between the client and the server is within range -3.476 ms..-1.851 ms
client 2024-07-11 20:17:34,971 [INFO] Running the workload 'LOG_DIR=/work/build/power_logs_temp python3.10 -m code.main --benchmarks=retinanet --scenarios=Offline --config_ver=maxq --test_mode=PerformanceOnly --action="run_harness" \\\n\t\t2>&1 | tee -a /work/build/power_logs/2024.07.11-20.15.34/stdout.txt \\\n\t\t&& if [ ! -d /work/build/power_logs/2024.07.11-20.15.34/ranging_tmp ]; \\\n\t\t\tthen mkdir /work/build/power_logs/2024.07.11-20.15.34/ranging_tmp \\\n\t\t\t\t&& mv /work/build/power_logs_temp/* /work/build/power_logs/2024.07.11-20.15.34/ranging_tmp/ \\\n\t\t\t\t&& cp -v /work/build/power_logs/2024.07.11-20.15.34/ranging_tmp/*/*/*/mlperf_log_detail.txt /work/build/power_logs_temp/ \\\n\t\t\t\t&& cp -v /work/build/power_logs/2024.07.11-20.15.34/ranging_tmp/*/*/*/mlperf_log_summary.txt /work/build/power_logs_temp/; \\\n\t\t\telse mkdir /work/build/power_logs/2024.07.11-20.15.34/testing_tmp \\\n\t\t\t\t&& mv /work/build/power_logs_temp/* /work/build/power_logs/2024.07.11-20.15.34/testing_tmp/ \\\n\t\t\t\t&& cp -v /work/build/power_logs/2024.07.11-20.15.34/testing_tmp/*/*/*/mlperf_log_detail.txt /work/build/power_logs_temp/ \\\n\t\t\t\t&& cp -v /work/build/power_logs/2024.07.11-20.15.34/testing_tmp/*/*/*/mlperf_log_summary.txt /work/build/power_logs_temp/; fi'
client 2024-07-11 20:28:40,548 [INFO] Sending command to the server: 'time'
client 2024-07-11 20:28:40,550 [INFO] Got response: '1720754920.552244'
client 2024-07-11 20:28:40,550 [INFO] The time difference between the client and the server is within range -3.918 ms..-1.958 ms
client 2024-07-11 20:28:40,550 [INFO] Sending command to the server: 'session,2024-07-11_20-16-54,stop,ranging'
client 2024-07-11 20:28:51,067 [INFO] Got response: 'OK'
client 2024-07-11 20:28:51,067 [INFO] Sending command to the server: 'time'
client 2024-07-11 20:28:51,068 [INFO] Got response: '1720754931.0706708'
client 2024-07-11 20:28:51,068 [INFO] The time difference between the client and the server is within range -3.541 ms..-2.236 ms
client 2024-07-11 20:28:51,077 [INFO] Copying loadgen logs from '/work/build/power_logs_temp' to '/work/build/power_logs/2024.07.11-20.15.34/2024-07-11_20-16-54/ranging'
client 2024-07-11 20:28:51,089 [INFO] Running workload in testing mode
client 2024-07-11 20:28:51,089 [INFO] Synchronizing with the server and with ib-01.dc4-in.nvidia.com...
client 2024-07-11 20:28:51,318 [INFO] NTP:offset = 0.001 s, delay = 0.227 s 
client 2024-07-11 20:28:51,318 [INFO] Sending command to the server: 'time'
client 2024-07-11 20:28:51,320 [INFO] Got response: '1720754931.3222961'
client 2024-07-11 20:28:51,320 [INFO] The time difference between the client and the server is within range -3.615 ms..-2.058 ms
client 2024-07-11 20:28:51,320 [INFO] Sending command to the server: 'session,2024-07-11_20-16-54,start,testing'
client 2024-07-11 20:29:12,946 [INFO] Got response: 'OK'
client 2024-07-11 20:29:12,946 [INFO] Sending command to the server: 'time'
client 2024-07-11 20:29:12,947 [INFO] Got response: '1720754952.9500966'
client 2024-07-11 20:29:12,947 [INFO] The time difference between the client and the server is within range -3.687 ms..-2.187 ms
client 2024-07-11 20:29:12,947 [INFO] Running the workload 'LOG_DIR=/work/build/power_logs_temp python3.10 -m code.main --benchmarks=retinanet --scenarios=Offline --config_ver=maxq --test_mode=PerformanceOnly --action="run_harness" \\\n\t\t2>&1 | tee -a /work/build/power_logs/2024.07.11-20.15.34/stdout.txt \\\n\t\t&& if [ ! -d /work/build/power_logs/2024.07.11-20.15.34/ranging_tmp ]; \\\n\t\t\tthen mkdir /work/build/power_logs/2024.07.11-20.15.34/ranging_tmp \\\n\t\t\t\t&& mv /work/build/power_logs_temp/* /work/build/power_logs/2024.07.11-20.15.34/ranging_tmp/ \\\n\t\t\t\t&& cp -v /work/build/power_logs/2024.07.11-20.15.34/ranging_tmp/*/*/*/mlperf_log_detail.txt /work/build/power_logs_temp/ \\\n\t\t\t\t&& cp -v /work/build/power_logs/2024.07.11-20.15.34/ranging_tmp/*/*/*/mlperf_log_summary.txt /work/build/power_logs_temp/; \\\n\t\t\telse mkdir /work/build/power_logs/2024.07.11-20.15.34/testing_tmp \\\n\t\t\t\t&& mv /work/build/power_logs_temp/* /work/build/power_logs/2024.07.11-20.15.34/testing_tmp/ \\\n\t\t\t\t&& cp -v /work/build/power_logs/2024.07.11-20.15.34/testing_tmp/*/*/*/mlperf_log_detail.txt /work/build/power_logs_temp/ \\\n\t\t\t\t&& cp -v /work/build/power_logs/2024.07.11-20.15.34/testing_tmp/*/*/*/mlperf_log_summary.txt /work/build/power_logs_temp/; fi'
client 2024-07-11 20:40:17,695 [INFO] Sending command to the server: 'time'
client 2024-07-11 20:40:17,698 [INFO] Got response: '1720755617.6998634'
client 2024-07-11 20:40:17,698 [INFO] The time difference between the client and the server is within range -4.340 ms..-1.446 ms
client 2024-07-11 20:40:17,698 [INFO] Sending command to the server: 'session,2024-07-11_20-16-54,stop,testing'
client 2024-07-11 20:40:28,014 [INFO] Got response: 'OK'
client 2024-07-11 20:40:28,014 [INFO] Sending command to the server: 'time'
client 2024-07-11 20:40:28,016 [INFO] Got response: '1720755628.0180793'
client 2024-07-11 20:40:28,016 [INFO] The time difference between the client and the server is within range -3.548 ms..-2.019 ms
client 2024-07-11 20:40:28,020 [INFO] Copying loadgen logs from '/work/build/power_logs_temp' to '/work/build/power_logs/2024.07.11-20.15.34/2024-07-11_20-16-54/run_1'
client 2024-07-11 20:40:28,034 [INFO] Done runs
