client 2024-07-15 23:23:49,030 [INFO] Sending command to the server: 'mlcommons/power client v3'
client 2024-07-15 23:23:49,032 [INFO] Got response: 'mlcommons/power server v3'
client 2024-07-15 23:23:49,032 [INFO] Sending command to the server: 'stop'
client 2024-07-15 23:23:49,033 [INFO] Got response: 'OK'
client 2024-07-15 23:23:49,033 [INFO] Synchronizing with the server and with ib-01.dc4-in.nvidia.com...
client 2024-07-15 23:23:49,267 [INFO] NTP:offset = 0.003 s, delay = 0.231 s 
client 2024-07-15 23:23:49,267 [INFO] Sending command to the server: 'time'
client 2024-07-15 23:23:49,269 [INFO] Got response: '1721111029.2690215'
client 2024-07-15 23:23:49,269 [INFO] The time difference between the client and the server is within range -1.433 ms..0.154 ms
client 2024-07-15 23:23:49,269 [INFO] Sending command to the server: 'new,,d499bff8-f302-4b3e-b202-3e0cff2f3b7e'
client 2024-07-15 23:23:49,271 [INFO] Got response: 'OK 2024-07-15_23-23-49,2e51822e-124e-4075-ab74-acc08c8d9fa3'
client 2024-07-15 23:23:49,271 [INFO] Session id is '2024-07-15_23-23-49'
client 2024-07-15 23:23:49,271 [INFO] Sources: {"sources": {"__init__.py": "da39a3ee5e6b4b0d3255bfef95601890afd80709", "client.py": "33ca4f26368777ac06e01f9567b714a4b8063886", "lib/__init__.py": "da39a3ee5e6b4b0d3255bfef95601890afd80709", "lib/client.py": "ac2aa093c8e8bbc9569b9e2a3471bc64e58a2258", "lib/common.py": "611d8b29633d331eb19c9455ea3b5fa3284ed6df", "lib/external/__init__.py": "da39a3ee5e6b4b0d3255bfef95601890afd80709", "lib/external/ntplib.py": "4da8f970656505a40483206ef2b5d3dd5e81711d", "lib/server.py": "99303c836c683aa9017ec565104e636161d02acb", "lib/source_hashes.py": "60a2e02193209e8d392803326208d5466342da18", "lib/summary.py": "aa92f0a3f975eecd44d3c0cd0236342ccc9f941d", "lib/time_sync.py": "80894ef2389e540781ff78de94db16aa4203a14e", "server.py": "c3f90f2f7eeb4db30727556d0c815ebc89b3d28b", "tests/unit/__init__.py": "da39a3ee5e6b4b0d3255bfef95601890afd80709", "tests/unit/test_server.py": "948c1995d4008bc2aa6c4046a34ffa3858d6d671", "tests/unit/test_source_hashes.py": "00468a2907583c593e6574a1f6b404e4651c221a"}, "modules": {"ptd_client_server.lib.client": "lib/client.py", "ptd_client_server.lib.common": "lib/common.py", "ptd_client_server.lib.external.ntplib": "lib/external/ntplib.py", "ptd_client_server.lib.source_hashes": "lib/source_hashes.py", "ptd_client_server.lib.summary": "lib/summary.py", "ptd_client_server.lib.time_sync": "lib/time_sync.py"}}
client 2024-07-15 23:23:49,273 [INFO] Running workload in ranging mode
client 2024-07-15 23:23:49,273 [INFO] Synchronizing with the server and with ib-01.dc4-in.nvidia.com...
client 2024-07-15 23:23:49,503 [INFO] NTP:offset = 0.001 s, delay = 0.228 s 
client 2024-07-15 23:23:49,503 [INFO] Sending command to the server: 'time'
client 2024-07-15 23:23:49,504 [INFO] Got response: '1721111029.5047288'
client 2024-07-15 23:23:49,504 [INFO] The time difference between the client and the server is within range -1.463 ms..0.144 ms
client 2024-07-15 23:23:49,504 [INFO] Sending command to the server: 'session,2024-07-15_23-23-49,start,ranging'
client 2024-07-15 23:24:29,416 [INFO] Got response: 'OK'
client 2024-07-15 23:24:29,416 [INFO] Sending command to the server: 'time'
client 2024-07-15 23:24:29,417 [INFO] Got response: '1721111069.4175706'
client 2024-07-15 23:24:29,417 [INFO] The time difference between the client and the server is within range -1.436 ms..0.035 ms
client 2024-07-15 23:24:29,417 [INFO] Running the workload 'LOG_DIR=/work/build/power_logs_temp python3.10 -m code.main --benchmarks=dlrmv2 --scenarios=Server --config_ver=maxq_high_accuracy --test_mode=PerformanceOnly --action="run_harness" \\\n\t\t2>&1 | tee -a /work/build/power_logs/2024.07.15-23.22.29/stdout.txt \\\n\t\t&& if [ ! -d /work/build/power_logs/2024.07.15-23.22.29/ranging_tmp ]; \\\n\t\t\tthen mkdir /work/build/power_logs/2024.07.15-23.22.29/ranging_tmp \\\n\t\t\t\t&& mv /work/build/power_logs_temp/* /work/build/power_logs/2024.07.15-23.22.29/ranging_tmp/ \\\n\t\t\t\t&& cp -v /work/build/power_logs/2024.07.15-23.22.29/ranging_tmp/*/*/*/mlperf_log_detail.txt /work/build/power_logs_temp/ \\\n\t\t\t\t&& cp -v /work/build/power_logs/2024.07.15-23.22.29/ranging_tmp/*/*/*/mlperf_log_summary.txt /work/build/power_logs_temp/; \\\n\t\t\telse mkdir /work/build/power_logs/2024.07.15-23.22.29/testing_tmp \\\n\t\t\t\t&& mv /work/build/power_logs_temp/* /work/build/power_logs/2024.07.15-23.22.29/testing_tmp/ \\\n\t\t\t\t&& cp -v /work/build/power_logs/2024.07.15-23.22.29/testing_tmp/*/*/*/mlperf_log_detail.txt /work/build/power_logs_temp/ \\\n\t\t\t\t&& cp -v /work/build/power_logs/2024.07.15-23.22.29/testing_tmp/*/*/*/mlperf_log_summary.txt /work/build/power_logs_temp/; fi'
client 2024-07-15 23:42:59,375 [INFO] Sending command to the server: 'time'
client 2024-07-15 23:42:59,377 [INFO] Got response: '1721112179.3775485'
client 2024-07-15 23:42:59,377 [INFO] The time difference between the client and the server is within range -2.332 ms..-0.421 ms
client 2024-07-15 23:42:59,377 [INFO] Sending command to the server: 'session,2024-07-15_23-23-49,stop,ranging'
client 2024-07-15 23:43:09,532 [INFO] Got response: 'OK'
client 2024-07-15 23:43:09,532 [INFO] Sending command to the server: 'time'
client 2024-07-15 23:43:09,534 [INFO] Got response: '1721112189.5347621'
client 2024-07-15 23:43:09,534 [INFO] The time difference between the client and the server is within range -1.853 ms..-0.725 ms
client 2024-07-15 23:43:09,575 [INFO] Copying loadgen logs from '/work/build/power_logs_temp' to '/work/build/power_logs/2024.07.15-23.22.29/2024-07-15_23-23-49/ranging'
client 2024-07-15 23:43:09,595 [INFO] Running workload in testing mode
client 2024-07-15 23:43:09,596 [INFO] Synchronizing with the server and with ib-01.dc4-in.nvidia.com...
client 2024-07-15 23:43:09,826 [INFO] NTP:offset = 0.001 s, delay = 0.228 s 
client 2024-07-15 23:43:09,826 [INFO] Sending command to the server: 'time'
client 2024-07-15 23:43:09,829 [INFO] Got response: '1721112189.828444'
client 2024-07-15 23:43:09,829 [INFO] The time difference between the client and the server is within range -2.067 ms..1.399 ms
client 2024-07-15 23:43:09,829 [INFO] Sending command to the server: 'session,2024-07-15_23-23-49,start,testing'
client 2024-07-15 23:43:31,453 [INFO] Got response: 'OK'
client 2024-07-15 23:43:31,453 [INFO] Sending command to the server: 'time'
client 2024-07-15 23:43:31,455 [INFO] Got response: '1721112211.4558628'
client 2024-07-15 23:43:31,455 [INFO] The time difference between the client and the server is within range -2.101 ms..-0.645 ms
client 2024-07-15 23:43:31,455 [INFO] Running the workload 'LOG_DIR=/work/build/power_logs_temp python3.10 -m code.main --benchmarks=dlrmv2 --scenarios=Server --config_ver=maxq_high_accuracy --test_mode=PerformanceOnly --action="run_harness" \\\n\t\t2>&1 | tee -a /work/build/power_logs/2024.07.15-23.22.29/stdout.txt \\\n\t\t&& if [ ! -d /work/build/power_logs/2024.07.15-23.22.29/ranging_tmp ]; \\\n\t\t\tthen mkdir /work/build/power_logs/2024.07.15-23.22.29/ranging_tmp \\\n\t\t\t\t&& mv /work/build/power_logs_temp/* /work/build/power_logs/2024.07.15-23.22.29/ranging_tmp/ \\\n\t\t\t\t&& cp -v /work/build/power_logs/2024.07.15-23.22.29/ranging_tmp/*/*/*/mlperf_log_detail.txt /work/build/power_logs_temp/ \\\n\t\t\t\t&& cp -v /work/build/power_logs/2024.07.15-23.22.29/ranging_tmp/*/*/*/mlperf_log_summary.txt /work/build/power_logs_temp/; \\\n\t\t\telse mkdir /work/build/power_logs/2024.07.15-23.22.29/testing_tmp \\\n\t\t\t\t&& mv /work/build/power_logs_temp/* /work/build/power_logs/2024.07.15-23.22.29/testing_tmp/ \\\n\t\t\t\t&& cp -v /work/build/power_logs/2024.07.15-23.22.29/testing_tmp/*/*/*/mlperf_log_detail.txt /work/build/power_logs_temp/ \\\n\t\t\t\t&& cp -v /work/build/power_logs/2024.07.15-23.22.29/testing_tmp/*/*/*/mlperf_log_summary.txt /work/build/power_logs_temp/; fi'
client 2024-07-16 00:01:55,816 [INFO] Sending command to the server: 'time'
client 2024-07-16 00:01:55,818 [INFO] Got response: '1721113315.818621'
client 2024-07-16 00:01:55,818 [INFO] The time difference between the client and the server is within range -2.654 ms..-0.527 ms
client 2024-07-16 00:01:55,818 [INFO] Sending command to the server: 'session,2024-07-15_23-23-49,stop,testing'
client 2024-07-16 00:02:06,535 [INFO] Got response: 'OK'
client 2024-07-16 00:02:06,535 [INFO] Sending command to the server: 'time'
client 2024-07-16 00:02:06,536 [INFO] Got response: '1721113326.537425'
client 2024-07-16 00:02:06,536 [INFO] The time difference between the client and the server is within range -2.231 ms..-0.972 ms
client 2024-07-16 00:02:06,587 [INFO] Copying loadgen logs from '/work/build/power_logs_temp' to '/work/build/power_logs/2024.07.15-23.22.29/2024-07-15_23-23-49/run_1'
client 2024-07-16 00:02:06,608 [INFO] Done runs
