client 2024-07-11 16:21:36,302 [INFO] Sending command to the server: 'mlcommons/power client v3'
client 2024-07-11 16:21:36,303 [INFO] Got response: 'mlcommons/power server v3'
client 2024-07-11 16:21:36,303 [INFO] Sending command to the server: 'stop'
client 2024-07-11 16:21:36,304 [INFO] Got response: 'OK'
client 2024-07-11 16:21:36,304 [INFO] Synchronizing with the server and with ib-01.dc4-in.nvidia.com...
client 2024-07-11 16:21:36,548 [INFO] NTP:offset = 0.001 s, delay = 0.241 s 
client 2024-07-11 16:21:36,548 [INFO] Sending command to the server: 'time'
client 2024-07-11 16:21:36,549 [INFO] Got response: '1720740096.5510387'
client 2024-07-11 16:21:36,549 [INFO] The time difference between the client and the server is within range -2.650 ms..-1.554 ms
client 2024-07-11 16:21:36,549 [INFO] Sending command to the server: 'new,,7f5d0f4b-fbfa-4475-aff4-f1dd1691d5ff'
client 2024-07-11 16:21:36,551 [INFO] Got response: 'OK 2024-07-11_16-21-36,27e3e0bb-6bac-46d7-84e4-7f4f87191dac'
client 2024-07-11 16:21:36,551 [INFO] Session id is '2024-07-11_16-21-36'
client 2024-07-11 16:21:36,551 [INFO] Sources: {"sources": {"__init__.py": "da39a3ee5e6b4b0d3255bfef95601890afd80709", "client.py": "33ca4f26368777ac06e01f9567b714a4b8063886", "lib/__init__.py": "da39a3ee5e6b4b0d3255bfef95601890afd80709", "lib/client.py": "ac2aa093c8e8bbc9569b9e2a3471bc64e58a2258", "lib/common.py": "611d8b29633d331eb19c9455ea3b5fa3284ed6df", "lib/external/__init__.py": "da39a3ee5e6b4b0d3255bfef95601890afd80709", "lib/external/ntplib.py": "4da8f970656505a40483206ef2b5d3dd5e81711d", "lib/server.py": "99303c836c683aa9017ec565104e636161d02acb", "lib/source_hashes.py": "60a2e02193209e8d392803326208d5466342da18", "lib/summary.py": "aa92f0a3f975eecd44d3c0cd0236342ccc9f941d", "lib/time_sync.py": "80894ef2389e540781ff78de94db16aa4203a14e", "server.py": "c3f90f2f7eeb4db30727556d0c815ebc89b3d28b", "tests/unit/__init__.py": "da39a3ee5e6b4b0d3255bfef95601890afd80709", "tests/unit/test_server.py": "948c1995d4008bc2aa6c4046a34ffa3858d6d671", "tests/unit/test_source_hashes.py": "00468a2907583c593e6574a1f6b404e4651c221a"}, "modules": {"ptd_client_server.lib.client": "lib/client.py", "ptd_client_server.lib.common": "lib/common.py", "ptd_client_server.lib.external.ntplib": "lib/external/ntplib.py", "ptd_client_server.lib.source_hashes": "lib/source_hashes.py", "ptd_client_server.lib.summary": "lib/summary.py", "ptd_client_server.lib.time_sync": "lib/time_sync.py"}}
client 2024-07-11 16:21:36,553 [INFO] Running workload in ranging mode
client 2024-07-11 16:21:36,553 [INFO] Synchronizing with the server and with ib-01.dc4-in.nvidia.com...
client 2024-07-11 16:21:36,800 [INFO] NTP:offset = 0.003 s, delay = 0.246 s 
client 2024-07-11 16:21:36,800 [INFO] Sending command to the server: 'time'
client 2024-07-11 16:21:36,801 [INFO] Got response: '1720740096.803373'
client 2024-07-11 16:21:36,801 [INFO] The time difference between the client and the server is within range -2.663 ms..-1.575 ms
client 2024-07-11 16:21:36,801 [INFO] Sending command to the server: 'session,2024-07-11_16-21-36,start,ranging'
client 2024-07-11 16:22:16,716 [INFO] Got response: 'OK'
client 2024-07-11 16:22:16,716 [INFO] Sending command to the server: 'time'
client 2024-07-11 16:22:16,717 [INFO] Got response: '1720740136.7195833'
client 2024-07-11 16:22:16,717 [INFO] The time difference between the client and the server is within range -2.716 ms..-1.612 ms
client 2024-07-11 16:22:16,718 [INFO] Running the workload 'LOG_DIR=/work/build/power_logs_temp python3.10 -m code.main --benchmarks=resnet50 --scenarios=Offline --config_ver=maxq --test_mode=PerformanceOnly --action="run_harness" \\\n\t\t2>&1 | tee -a /work/build/power_logs/2024.07.11-16.20.15/stdout.txt \\\n\t\t&& if [ ! -d /work/build/power_logs/2024.07.11-16.20.15/ranging_tmp ]; \\\n\t\t\tthen mkdir /work/build/power_logs/2024.07.11-16.20.15/ranging_tmp \\\n\t\t\t\t&& mv /work/build/power_logs_temp/* /work/build/power_logs/2024.07.11-16.20.15/ranging_tmp/ \\\n\t\t\t\t&& cp -v /work/build/power_logs/2024.07.11-16.20.15/ranging_tmp/*/*/*/mlperf_log_detail.txt /work/build/power_logs_temp/ \\\n\t\t\t\t&& cp -v /work/build/power_logs/2024.07.11-16.20.15/ranging_tmp/*/*/*/mlperf_log_summary.txt /work/build/power_logs_temp/; \\\n\t\t\telse mkdir /work/build/power_logs/2024.07.11-16.20.15/testing_tmp \\\n\t\t\t\t&& mv /work/build/power_logs_temp/* /work/build/power_logs/2024.07.11-16.20.15/testing_tmp/ \\\n\t\t\t\t&& cp -v /work/build/power_logs/2024.07.11-16.20.15/testing_tmp/*/*/*/mlperf_log_detail.txt /work/build/power_logs_temp/ \\\n\t\t\t\t&& cp -v /work/build/power_logs/2024.07.11-16.20.15/testing_tmp/*/*/*/mlperf_log_summary.txt /work/build/power_logs_temp/; fi'
client 2024-07-11 16:34:47,290 [INFO] Sending command to the server: 'time'
client 2024-07-11 16:34:47,291 [INFO] Got response: '1720740887.294383'
client 2024-07-11 16:34:47,291 [INFO] The time difference between the client and the server is within range -3.984 ms..-2.578 ms
client 2024-07-11 16:34:47,291 [INFO] Sending command to the server: 'session,2024-07-11_16-21-36,stop,ranging'
client 2024-07-11 16:34:57,811 [INFO] Got response: 'OK'
client 2024-07-11 16:34:57,811 [INFO] Sending command to the server: 'time'
client 2024-07-11 16:34:57,812 [INFO] Got response: '1720740897.8151898'
client 2024-07-11 16:34:57,812 [INFO] The time difference between the client and the server is within range -3.570 ms..-2.706 ms
client 2024-07-11 16:34:57,817 [INFO] Copying loadgen logs from '/work/build/power_logs_temp' to '/work/build/power_logs/2024.07.11-16.20.15/2024-07-11_16-21-36/ranging'
client 2024-07-11 16:34:57,824 [INFO] Running workload in testing mode
client 2024-07-11 16:34:57,824 [INFO] Synchronizing with the server and with ib-01.dc4-in.nvidia.com...
client 2024-07-11 16:34:58,073 [INFO] NTP:offset = 0.003 s, delay = 0.247 s 
client 2024-07-11 16:34:58,073 [INFO] Sending command to the server: 'time'
client 2024-07-11 16:34:58,074 [INFO] Got response: '1720740898.0770457'
client 2024-07-11 16:34:58,074 [INFO] The time difference between the client and the server is within range -3.729 ms..-2.554 ms
client 2024-07-11 16:34:58,074 [INFO] Sending command to the server: 'session,2024-07-11_16-21-36,start,testing'
client 2024-07-11 16:35:19,700 [INFO] Got response: 'OK'
client 2024-07-11 16:35:19,700 [INFO] Sending command to the server: 'time'
client 2024-07-11 16:35:19,701 [INFO] Got response: '1720740919.7041492'
client 2024-07-11 16:35:19,701 [INFO] The time difference between the client and the server is within range -3.747 ms..-2.577 ms
client 2024-07-11 16:35:19,701 [INFO] Running the workload 'LOG_DIR=/work/build/power_logs_temp python3.10 -m code.main --benchmarks=resnet50 --scenarios=Offline --config_ver=maxq --test_mode=PerformanceOnly --action="run_harness" \\\n\t\t2>&1 | tee -a /work/build/power_logs/2024.07.11-16.20.15/stdout.txt \\\n\t\t&& if [ ! -d /work/build/power_logs/2024.07.11-16.20.15/ranging_tmp ]; \\\n\t\t\tthen mkdir /work/build/power_logs/2024.07.11-16.20.15/ranging_tmp \\\n\t\t\t\t&& mv /work/build/power_logs_temp/* /work/build/power_logs/2024.07.11-16.20.15/ranging_tmp/ \\\n\t\t\t\t&& cp -v /work/build/power_logs/2024.07.11-16.20.15/ranging_tmp/*/*/*/mlperf_log_detail.txt /work/build/power_logs_temp/ \\\n\t\t\t\t&& cp -v /work/build/power_logs/2024.07.11-16.20.15/ranging_tmp/*/*/*/mlperf_log_summary.txt /work/build/power_logs_temp/; \\\n\t\t\telse mkdir /work/build/power_logs/2024.07.11-16.20.15/testing_tmp \\\n\t\t\t\t&& mv /work/build/power_logs_temp/* /work/build/power_logs/2024.07.11-16.20.15/testing_tmp/ \\\n\t\t\t\t&& cp -v /work/build/power_logs/2024.07.11-16.20.15/testing_tmp/*/*/*/mlperf_log_detail.txt /work/build/power_logs_temp/ \\\n\t\t\t\t&& cp -v /work/build/power_logs/2024.07.11-16.20.15/testing_tmp/*/*/*/mlperf_log_summary.txt /work/build/power_logs_temp/; fi'
client 2024-07-11 16:47:50,169 [INFO] Sending command to the server: 'time'
client 2024-07-11 16:47:50,170 [INFO] Got response: '1720741670.1731749'
client 2024-07-11 16:47:50,170 [INFO] The time difference between the client and the server is within range -3.797 ms..-2.404 ms
client 2024-07-11 16:47:50,170 [INFO] Sending command to the server: 'session,2024-07-11_16-21-36,stop,testing'
client 2024-07-11 16:48:00,775 [INFO] Got response: 'OK'
client 2024-07-11 16:48:00,775 [INFO] Sending command to the server: 'time'
client 2024-07-11 16:48:00,776 [INFO] Got response: '1720741680.7790604'
client 2024-07-11 16:48:00,776 [INFO] The time difference between the client and the server is within range -3.307 ms..-2.491 ms
client 2024-07-11 16:48:00,779 [INFO] Copying loadgen logs from '/work/build/power_logs_temp' to '/work/build/power_logs/2024.07.11-16.20.15/2024-07-11_16-21-36/run_1'
client 2024-07-11 16:48:00,787 [INFO] Done runs
