client 2024-07-12 15:58:55,209 [INFO] Sending command to the server: 'mlcommons/power client v3'
client 2024-07-12 15:58:55,210 [INFO] Got response: 'mlcommons/power server v3'
client 2024-07-12 15:58:55,210 [INFO] Sending command to the server: 'stop'
client 2024-07-12 15:58:55,211 [INFO] Got response: 'OK'
client 2024-07-12 15:58:55,211 [INFO] Synchronizing with the server and with ib-01.dc4-in.nvidia.com...
client 2024-07-12 15:58:55,443 [INFO] NTP:offset = 0.001 s, delay = 0.229 s 
client 2024-07-12 15:58:55,443 [INFO] Sending command to the server: 'time'
client 2024-07-12 15:58:55,444 [INFO] Got response: '1720825135.4457119'
client 2024-07-12 15:58:55,444 [INFO] The time difference between the client and the server is within range -1.942 ms..-0.740 ms
client 2024-07-12 15:58:55,445 [INFO] Sending command to the server: 'new,,d9767c5c-225a-49b5-b78d-920538c32832'
client 2024-07-12 15:58:55,446 [INFO] Got response: 'OK 2024-07-12_15-58-55,1f2368d6-e394-426f-a250-941510f736b9'
client 2024-07-12 15:58:55,446 [INFO] Session id is '2024-07-12_15-58-55'
client 2024-07-12 15:58:55,446 [INFO] Sources: {"sources": {"__init__.py": "da39a3ee5e6b4b0d3255bfef95601890afd80709", "client.py": "33ca4f26368777ac06e01f9567b714a4b8063886", "lib/__init__.py": "da39a3ee5e6b4b0d3255bfef95601890afd80709", "lib/client.py": "ac2aa093c8e8bbc9569b9e2a3471bc64e58a2258", "lib/common.py": "611d8b29633d331eb19c9455ea3b5fa3284ed6df", "lib/external/__init__.py": "da39a3ee5e6b4b0d3255bfef95601890afd80709", "lib/external/ntplib.py": "4da8f970656505a40483206ef2b5d3dd5e81711d", "lib/server.py": "99303c836c683aa9017ec565104e636161d02acb", "lib/source_hashes.py": "60a2e02193209e8d392803326208d5466342da18", "lib/summary.py": "aa92f0a3f975eecd44d3c0cd0236342ccc9f941d", "lib/time_sync.py": "80894ef2389e540781ff78de94db16aa4203a14e", "server.py": "c3f90f2f7eeb4db30727556d0c815ebc89b3d28b", "tests/unit/__init__.py": "da39a3ee5e6b4b0d3255bfef95601890afd80709", "tests/unit/test_server.py": "948c1995d4008bc2aa6c4046a34ffa3858d6d671", "tests/unit/test_source_hashes.py": "00468a2907583c593e6574a1f6b404e4651c221a"}, "modules": {"ptd_client_server.lib.client": "lib/client.py", "ptd_client_server.lib.common": "lib/common.py", "ptd_client_server.lib.external.ntplib": "lib/external/ntplib.py", "ptd_client_server.lib.source_hashes": "lib/source_hashes.py", "ptd_client_server.lib.summary": "lib/summary.py", "ptd_client_server.lib.time_sync": "lib/time_sync.py"}}
client 2024-07-12 15:58:55,449 [INFO] Running workload in ranging mode
client 2024-07-12 15:58:55,449 [INFO] Synchronizing with the server and with ib-01.dc4-in.nvidia.com...
client 2024-07-12 15:58:55,677 [INFO] NTP:offset = 0.001 s, delay = 0.227 s 
client 2024-07-12 15:58:55,677 [INFO] Sending command to the server: 'time'
client 2024-07-12 15:58:55,679 [INFO] Got response: '1720825135.6798701'
client 2024-07-12 15:58:55,679 [INFO] The time difference between the client and the server is within range -1.936 ms..-0.745 ms
client 2024-07-12 15:58:55,679 [INFO] Sending command to the server: 'session,2024-07-12_15-58-55,start,ranging'
client 2024-07-12 15:59:35,590 [INFO] Got response: 'OK'
client 2024-07-12 15:59:35,590 [INFO] Sending command to the server: 'time'
client 2024-07-12 15:59:35,591 [INFO] Got response: '1720825175.5921667'
client 2024-07-12 15:59:35,591 [INFO] The time difference between the client and the server is within range -1.965 ms..-0.856 ms
client 2024-07-12 15:59:35,591 [INFO] Running the workload 'LOG_DIR=/work/build/power_logs_temp python3.10 -m code.main --benchmarks=bert --scenarios=Offline --config_ver=maxq --test_mode=PerformanceOnly --action="run_harness" \\\n\t\t2>&1 | tee -a /work/build/power_logs/2024.07.12-15.57.34/stdout.txt \\\n\t\t&& if [ ! -d /work/build/power_logs/2024.07.12-15.57.34/ranging_tmp ]; \\\n\t\t\tthen mkdir /work/build/power_logs/2024.07.12-15.57.34/ranging_tmp \\\n\t\t\t\t&& mv /work/build/power_logs_temp/* /work/build/power_logs/2024.07.12-15.57.34/ranging_tmp/ \\\n\t\t\t\t&& cp -v /work/build/power_logs/2024.07.12-15.57.34/ranging_tmp/*/*/*/mlperf_log_detail.txt /work/build/power_logs_temp/ \\\n\t\t\t\t&& cp -v /work/build/power_logs/2024.07.12-15.57.34/ranging_tmp/*/*/*/mlperf_log_summary.txt /work/build/power_logs_temp/; \\\n\t\t\telse mkdir /work/build/power_logs/2024.07.12-15.57.34/testing_tmp \\\n\t\t\t\t&& mv /work/build/power_logs_temp/* /work/build/power_logs/2024.07.12-15.57.34/testing_tmp/ \\\n\t\t\t\t&& cp -v /work/build/power_logs/2024.07.12-15.57.34/testing_tmp/*/*/*/mlperf_log_detail.txt /work/build/power_logs_temp/ \\\n\t\t\t\t&& cp -v /work/build/power_logs/2024.07.12-15.57.34/testing_tmp/*/*/*/mlperf_log_summary.txt /work/build/power_logs_temp/; fi'
client 2024-07-12 16:11:40,182 [INFO] Sending command to the server: 'time'
client 2024-07-12 16:11:40,184 [INFO] Got response: '1720825900.1839025'
client 2024-07-12 16:11:40,184 [INFO] The time difference between the client and the server is within range -1.038 ms..0.443 ms
client 2024-07-12 16:11:40,184 [INFO] Sending command to the server: 'session,2024-07-12_15-58-55,stop,ranging'
client 2024-07-12 16:11:50,687 [INFO] Got response: 'OK'
client 2024-07-12 16:11:50,688 [INFO] Sending command to the server: 'time'
client 2024-07-12 16:11:50,688 [INFO] Got response: '1720825910.6884866'
client 2024-07-12 16:11:50,688 [INFO] The time difference between the client and the server is within range -0.485 ms..0.200 ms
client 2024-07-12 16:11:50,697 [INFO] Copying loadgen logs from '/work/build/power_logs_temp' to '/work/build/power_logs/2024.07.12-15.57.34/2024-07-12_15-58-55/ranging'
client 2024-07-12 16:11:50,711 [INFO] Running workload in testing mode
client 2024-07-12 16:11:50,711 [INFO] Synchronizing with the server and with ib-01.dc4-in.nvidia.com...
client 2024-07-12 16:11:50,940 [INFO] NTP:offset = 0.000 s, delay = 0.228 s 
client 2024-07-12 16:11:50,941 [INFO] Sending command to the server: 'time'
client 2024-07-12 16:11:50,942 [INFO] Got response: '1720825910.9417794'
client 2024-07-12 16:11:50,942 [INFO] The time difference between the client and the server is within range -0.759 ms..0.415 ms
client 2024-07-12 16:11:50,942 [INFO] Sending command to the server: 'session,2024-07-12_15-58-55,start,testing'
client 2024-07-12 16:12:12,567 [INFO] Got response: 'OK'
client 2024-07-12 16:12:12,567 [INFO] Sending command to the server: 'time'
client 2024-07-12 16:12:12,568 [INFO] Got response: '1720825932.5685685'
client 2024-07-12 16:12:12,568 [INFO] The time difference between the client and the server is within range -0.769 ms..0.372 ms
client 2024-07-12 16:12:12,568 [INFO] Running the workload 'LOG_DIR=/work/build/power_logs_temp python3.10 -m code.main --benchmarks=bert --scenarios=Offline --config_ver=maxq --test_mode=PerformanceOnly --action="run_harness" \\\n\t\t2>&1 | tee -a /work/build/power_logs/2024.07.12-15.57.34/stdout.txt \\\n\t\t&& if [ ! -d /work/build/power_logs/2024.07.12-15.57.34/ranging_tmp ]; \\\n\t\t\tthen mkdir /work/build/power_logs/2024.07.12-15.57.34/ranging_tmp \\\n\t\t\t\t&& mv /work/build/power_logs_temp/* /work/build/power_logs/2024.07.12-15.57.34/ranging_tmp/ \\\n\t\t\t\t&& cp -v /work/build/power_logs/2024.07.12-15.57.34/ranging_tmp/*/*/*/mlperf_log_detail.txt /work/build/power_logs_temp/ \\\n\t\t\t\t&& cp -v /work/build/power_logs/2024.07.12-15.57.34/ranging_tmp/*/*/*/mlperf_log_summary.txt /work/build/power_logs_temp/; \\\n\t\t\telse mkdir /work/build/power_logs/2024.07.12-15.57.34/testing_tmp \\\n\t\t\t\t&& mv /work/build/power_logs_temp/* /work/build/power_logs/2024.07.12-15.57.34/testing_tmp/ \\\n\t\t\t\t&& cp -v /work/build/power_logs/2024.07.12-15.57.34/testing_tmp/*/*/*/mlperf_log_detail.txt /work/build/power_logs_temp/ \\\n\t\t\t\t&& cp -v /work/build/power_logs/2024.07.12-15.57.34/testing_tmp/*/*/*/mlperf_log_summary.txt /work/build/power_logs_temp/; fi'
client 2024-07-12 16:24:17,250 [INFO] Sending command to the server: 'time'
client 2024-07-12 16:24:17,252 [INFO] Got response: '1720826657.2510529'
client 2024-07-12 16:24:17,252 [INFO] The time difference between the client and the server is within range -0.203 ms..1.299 ms
client 2024-07-12 16:24:17,252 [INFO] Sending command to the server: 'session,2024-07-12_15-58-55,stop,testing'
client 2024-07-12 16:24:27,640 [INFO] Got response: 'OK'
client 2024-07-12 16:24:27,640 [INFO] Sending command to the server: 'time'
client 2024-07-12 16:24:27,641 [INFO] Got response: '1720826667.6399899'
client 2024-07-12 16:24:27,641 [INFO] The time difference between the client and the server is within range 0.251 ms..1.083 ms
client 2024-07-12 16:24:27,646 [INFO] Copying loadgen logs from '/work/build/power_logs_temp' to '/work/build/power_logs/2024.07.12-15.57.34/2024-07-12_15-58-55/run_1'
client 2024-07-12 16:24:27,661 [INFO] Done runs
