client 2024-07-23 16:40:35,976 [INFO] Sending command to the server: 'mlcommons/power client v3'
client 2024-07-23 16:40:35,978 [INFO] Got response: 'mlcommons/power server v3'
client 2024-07-23 16:40:35,978 [INFO] Sending command to the server: 'stop'
client 2024-07-23 16:40:35,980 [INFO] Got response: 'OK'
client 2024-07-23 16:40:35,980 [INFO] Synchronizing with the server and with ib-01.dc4-in.nvidia.com...
client 2024-07-23 16:40:36,210 [INFO] NTP:offset = 0.000 s, delay = 0.227 s 
client 2024-07-23 16:40:36,210 [INFO] Sending command to the server: 'time'
client 2024-07-23 16:40:36,211 [INFO] Got response: '1721778036.2104883'
client 2024-07-23 16:40:36,211 [INFO] The time difference between the client and the server is within range -0.293 ms..1.288 ms
client 2024-07-23 16:40:36,211 [INFO] Sending command to the server: 'new,,6bed76a1-9da0-4ca6-ac58-104fb8a3d3c2'
client 2024-07-23 16:40:36,213 [INFO] Got response: 'OK 2024-07-23_16-40-36,1129803e-da32-4798-84d2-09c1fb0189b4'
client 2024-07-23 16:40:36,213 [INFO] Session id is '2024-07-23_16-40-36'
client 2024-07-23 16:40:36,213 [INFO] Sources: {"sources": {"__init__.py": "da39a3ee5e6b4b0d3255bfef95601890afd80709", "client.py": "33ca4f26368777ac06e01f9567b714a4b8063886", "lib/__init__.py": "da39a3ee5e6b4b0d3255bfef95601890afd80709", "lib/client.py": "ac2aa093c8e8bbc9569b9e2a3471bc64e58a2258", "lib/common.py": "611d8b29633d331eb19c9455ea3b5fa3284ed6df", "lib/external/__init__.py": "da39a3ee5e6b4b0d3255bfef95601890afd80709", "lib/external/ntplib.py": "4da8f970656505a40483206ef2b5d3dd5e81711d", "lib/server.py": "99303c836c683aa9017ec565104e636161d02acb", "lib/source_hashes.py": "60a2e02193209e8d392803326208d5466342da18", "lib/summary.py": "aa92f0a3f975eecd44d3c0cd0236342ccc9f941d", "lib/time_sync.py": "80894ef2389e540781ff78de94db16aa4203a14e", "server.py": "c3f90f2f7eeb4db30727556d0c815ebc89b3d28b", "tests/unit/__init__.py": "da39a3ee5e6b4b0d3255bfef95601890afd80709", "tests/unit/test_server.py": "948c1995d4008bc2aa6c4046a34ffa3858d6d671", "tests/unit/test_source_hashes.py": "00468a2907583c593e6574a1f6b404e4651c221a"}, "modules": {"ptd_client_server.lib.client": "lib/client.py", "ptd_client_server.lib.common": "lib/common.py", "ptd_client_server.lib.external.ntplib": "lib/external/ntplib.py", "ptd_client_server.lib.source_hashes": "lib/source_hashes.py", "ptd_client_server.lib.summary": "lib/summary.py", "ptd_client_server.lib.time_sync": "lib/time_sync.py"}}
client 2024-07-23 16:40:36,215 [INFO] Running workload in ranging mode
client 2024-07-23 16:40:36,215 [INFO] Synchronizing with the server and with ib-01.dc4-in.nvidia.com...
client 2024-07-23 16:40:36,443 [INFO] NTP:offset = -0.000 s, delay = 0.227 s 
client 2024-07-23 16:40:36,443 [INFO] Sending command to the server: 'time'
client 2024-07-23 16:40:36,445 [INFO] Got response: '1721778036.444127'
client 2024-07-23 16:40:36,445 [INFO] The time difference between the client and the server is within range -0.423 ms..1.267 ms
client 2024-07-23 16:40:36,445 [INFO] Sending command to the server: 'session,2024-07-23_16-40-36,start,ranging'
client 2024-07-23 16:41:16,360 [INFO] Got response: 'OK'
client 2024-07-23 16:41:16,360 [INFO] Sending command to the server: 'time'
client 2024-07-23 16:41:16,361 [INFO] Got response: '1721778076.3607335'
client 2024-07-23 16:41:16,361 [INFO] The time difference between the client and the server is within range -0.278 ms..1.247 ms
client 2024-07-23 16:41:16,362 [INFO] Running the workload 'LOG_DIR=/work/build/power_logs_temp python3.10 -m code.main --benchmarks=moe --scenarios=Server --test_mode=PerformanceOnly --config_ver=maxq --action="run_harness" \\\n\t\t2>&1 | tee -a /work/build/power_logs/2024.07.23-16.39.16/stdout.txt \\\n\t\t&& if [ ! -d /work/build/power_logs/2024.07.23-16.39.16/ranging_tmp ]; \\\n\t\t\tthen mkdir /work/build/power_logs/2024.07.23-16.39.16/ranging_tmp \\\n\t\t\t\t&& mv /work/build/power_logs_temp/* /work/build/power_logs/2024.07.23-16.39.16/ranging_tmp/ \\\n\t\t\t\t&& cp -v /work/build/power_logs/2024.07.23-16.39.16/ranging_tmp/*/*/*/mlperf_log_detail.txt /work/build/power_logs_temp/ \\\n\t\t\t\t&& cp -v /work/build/power_logs/2024.07.23-16.39.16/ranging_tmp/*/*/*/mlperf_log_summary.txt /work/build/power_logs_temp/; \\\n\t\t\telse mkdir /work/build/power_logs/2024.07.23-16.39.16/testing_tmp \\\n\t\t\t\t&& mv /work/build/power_logs_temp/* /work/build/power_logs/2024.07.23-16.39.16/testing_tmp/ \\\n\t\t\t\t&& cp -v /work/build/power_logs/2024.07.23-16.39.16/testing_tmp/*/*/*/mlperf_log_detail.txt /work/build/power_logs_temp/ \\\n\t\t\t\t&& cp -v /work/build/power_logs/2024.07.23-16.39.16/testing_tmp/*/*/*/mlperf_log_summary.txt /work/build/power_logs_temp/; fi'
client 2024-07-23 17:34:46,798 [INFO] Sending command to the server: 'time'
client 2024-07-23 17:34:46,800 [INFO] Got response: '1721781286.796575'
client 2024-07-23 17:34:46,800 [INFO] The time difference between the client and the server is within range 2.205 ms..4.090 ms
client 2024-07-23 17:34:46,800 [INFO] Sending command to the server: 'session,2024-07-23_16-40-36,stop,ranging'
client 2024-07-23 17:34:57,548 [INFO] Got response: 'OK'
client 2024-07-23 17:34:57,548 [INFO] Sending command to the server: 'time'
client 2024-07-23 17:34:57,549 [INFO] Got response: '1721781297.5455701'
client 2024-07-23 17:34:57,549 [INFO] The time difference between the client and the server is within range 2.649 ms..3.689 ms
client 2024-07-23 17:34:57,555 [INFO] Copying loadgen logs from '/work/build/power_logs_temp' to '/work/build/power_logs/2024.07.23-16.39.16/2024-07-23_16-40-36/ranging'
client 2024-07-23 17:34:57,563 [INFO] Running workload in testing mode
client 2024-07-23 17:34:57,563 [INFO] Synchronizing with the server and with ib-01.dc4-in.nvidia.com...
client 2024-07-23 17:34:57,791 [INFO] NTP:offset = -0.001 s, delay = 0.227 s 
client 2024-07-23 17:34:57,792 [INFO] Sending command to the server: 'time'
client 2024-07-23 17:34:57,793 [INFO] Got response: '1721781297.7896664'
client 2024-07-23 17:34:57,793 [INFO] The time difference between the client and the server is within range 2.343 ms..3.928 ms
client 2024-07-23 17:34:57,793 [INFO] Sending command to the server: 'session,2024-07-23_16-40-36,start,testing'
client 2024-07-23 17:35:19,419 [INFO] Got response: 'OK'
client 2024-07-23 17:35:19,419 [INFO] Sending command to the server: 'time'
client 2024-07-23 17:35:19,420 [INFO] Got response: '1721781319.417257'
client 2024-07-23 17:35:19,420 [INFO] The time difference between the client and the server is within range 2.146 ms..3.639 ms
client 2024-07-23 17:35:19,420 [INFO] Running the workload 'LOG_DIR=/work/build/power_logs_temp python3.10 -m code.main --benchmarks=moe --scenarios=Server --test_mode=PerformanceOnly --config_ver=maxq --action="run_harness" \\\n\t\t2>&1 | tee -a /work/build/power_logs/2024.07.23-16.39.16/stdout.txt \\\n\t\t&& if [ ! -d /work/build/power_logs/2024.07.23-16.39.16/ranging_tmp ]; \\\n\t\t\tthen mkdir /work/build/power_logs/2024.07.23-16.39.16/ranging_tmp \\\n\t\t\t\t&& mv /work/build/power_logs_temp/* /work/build/power_logs/2024.07.23-16.39.16/ranging_tmp/ \\\n\t\t\t\t&& cp -v /work/build/power_logs/2024.07.23-16.39.16/ranging_tmp/*/*/*/mlperf_log_detail.txt /work/build/power_logs_temp/ \\\n\t\t\t\t&& cp -v /work/build/power_logs/2024.07.23-16.39.16/ranging_tmp/*/*/*/mlperf_log_summary.txt /work/build/power_logs_temp/; \\\n\t\t\telse mkdir /work/build/power_logs/2024.07.23-16.39.16/testing_tmp \\\n\t\t\t\t&& mv /work/build/power_logs_temp/* /work/build/power_logs/2024.07.23-16.39.16/testing_tmp/ \\\n\t\t\t\t&& cp -v /work/build/power_logs/2024.07.23-16.39.16/testing_tmp/*/*/*/mlperf_log_detail.txt /work/build/power_logs_temp/ \\\n\t\t\t\t&& cp -v /work/build/power_logs/2024.07.23-16.39.16/testing_tmp/*/*/*/mlperf_log_summary.txt /work/build/power_logs_temp/; fi'
client 2024-07-23 18:21:50,936 [INFO] Sending command to the server: 'time'
client 2024-07-23 18:21:50,938 [INFO] Got response: '1721784110.9378834'
client 2024-07-23 18:21:50,938 [INFO] The time difference between the client and the server is within range -1.611 ms..0.241 ms
client 2024-07-23 18:21:50,938 [INFO] Sending command to the server: 'session,2024-07-23_16-40-36,stop,testing'
client 2024-07-23 18:22:01,532 [INFO] Got response: 'OK'
client 2024-07-23 18:22:01,532 [INFO] Sending command to the server: 'time'
client 2024-07-23 18:22:01,533 [INFO] Got response: '1721784121.533917'
client 2024-07-23 18:22:01,533 [INFO] The time difference between the client and the server is within range -1.157 ms..-0.036 ms
client 2024-07-23 18:22:01,563 [INFO] Copying loadgen logs from '/work/build/power_logs_temp' to '/work/build/power_logs/2024.07.23-16.39.16/2024-07-23_16-40-36/run_1'
client 2024-07-23 18:22:01,571 [INFO] Done runs
