client 2024-07-12 00:04:34,728 [INFO] Sending command to the server: 'mlcommons/power client v3'
client 2024-07-12 00:04:34,729 [INFO] Got response: 'mlcommons/power server v3'
client 2024-07-12 00:04:34,729 [INFO] Sending command to the server: 'stop'
client 2024-07-12 00:04:34,731 [INFO] Got response: 'OK'
client 2024-07-12 00:04:34,731 [INFO] Synchronizing with the server and with ib-01.dc4-in.nvidia.com...
client 2024-07-12 00:04:34,962 [INFO] NTP:offset = -0.000 s, delay = 0.228 s 
client 2024-07-12 00:04:34,962 [INFO] Sending command to the server: 'time'
client 2024-07-12 00:04:34,964 [INFO] Got response: '1720767874.9634733'
client 2024-07-12 00:04:34,964 [INFO] The time difference between the client and the server is within range -1.043 ms..0.566 ms
client 2024-07-12 00:04:34,964 [INFO] Sending command to the server: 'new,,ffadf0af-116f-44f7-850a-f0db870800f5'
client 2024-07-12 00:04:34,965 [INFO] Got response: 'OK 2024-07-12_00-04-34,db57398b-fbcc-40b7-8b53-919ff5429f4f'
client 2024-07-12 00:04:34,965 [INFO] Session id is '2024-07-12_00-04-34'
client 2024-07-12 00:04:34,966 [INFO] Sources: {"sources": {"__init__.py": "da39a3ee5e6b4b0d3255bfef95601890afd80709", "client.py": "33ca4f26368777ac06e01f9567b714a4b8063886", "lib/__init__.py": "da39a3ee5e6b4b0d3255bfef95601890afd80709", "lib/client.py": "ac2aa093c8e8bbc9569b9e2a3471bc64e58a2258", "lib/common.py": "611d8b29633d331eb19c9455ea3b5fa3284ed6df", "lib/external/__init__.py": "da39a3ee5e6b4b0d3255bfef95601890afd80709", "lib/external/ntplib.py": "4da8f970656505a40483206ef2b5d3dd5e81711d", "lib/server.py": "99303c836c683aa9017ec565104e636161d02acb", "lib/source_hashes.py": "60a2e02193209e8d392803326208d5466342da18", "lib/summary.py": "aa92f0a3f975eecd44d3c0cd0236342ccc9f941d", "lib/time_sync.py": "80894ef2389e540781ff78de94db16aa4203a14e", "server.py": "c3f90f2f7eeb4db30727556d0c815ebc89b3d28b", "tests/unit/__init__.py": "da39a3ee5e6b4b0d3255bfef95601890afd80709", "tests/unit/test_server.py": "948c1995d4008bc2aa6c4046a34ffa3858d6d671", "tests/unit/test_source_hashes.py": "00468a2907583c593e6574a1f6b404e4651c221a"}, "modules": {"ptd_client_server.lib.client": "lib/client.py", "ptd_client_server.lib.common": "lib/common.py", "ptd_client_server.lib.external.ntplib": "lib/external/ntplib.py", "ptd_client_server.lib.source_hashes": "lib/source_hashes.py", "ptd_client_server.lib.summary": "lib/summary.py", "ptd_client_server.lib.time_sync": "lib/time_sync.py"}}
client 2024-07-12 00:04:34,969 [INFO] Running workload in ranging mode
client 2024-07-12 00:04:34,969 [INFO] Synchronizing with the server and with ib-01.dc4-in.nvidia.com...
client 2024-07-12 00:04:35,199 [INFO] NTP:offset = -0.001 s, delay = 0.228 s 
client 2024-07-12 00:04:35,199 [INFO] Sending command to the server: 'time'
client 2024-07-12 00:04:35,201 [INFO] Got response: '1720767875.2006001'
client 2024-07-12 00:04:35,201 [INFO] The time difference between the client and the server is within range -1.023 ms..0.544 ms
client 2024-07-12 00:04:35,201 [INFO] Sending command to the server: 'session,2024-07-12_00-04-34,start,ranging'
client 2024-07-12 00:05:15,115 [INFO] Got response: 'OK'
client 2024-07-12 00:05:15,115 [INFO] Sending command to the server: 'time'
client 2024-07-12 00:05:15,116 [INFO] Got response: '1720767915.1164615'
client 2024-07-12 00:05:15,116 [INFO] The time difference between the client and the server is within range -1.033 ms..0.444 ms
client 2024-07-12 00:05:15,116 [INFO] Running the workload 'LOG_DIR=/work/build/power_logs_temp python3.10 -m code.main --benchmarks=3dunet --scenarios=Offline --config_ver=maxq_high_accuracy --test_mode=PerformanceOnly --action="run_harness" \\\n\t\t2>&1 | tee -a /work/build/power_logs/2024.07.12-00.03.14/stdout.txt \\\n\t\t&& if [ ! -d /work/build/power_logs/2024.07.12-00.03.14/ranging_tmp ]; \\\n\t\t\tthen mkdir /work/build/power_logs/2024.07.12-00.03.14/ranging_tmp \\\n\t\t\t\t&& mv /work/build/power_logs_temp/* /work/build/power_logs/2024.07.12-00.03.14/ranging_tmp/ \\\n\t\t\t\t&& cp -v /work/build/power_logs/2024.07.12-00.03.14/ranging_tmp/*/*/*/mlperf_log_detail.txt /work/build/power_logs_temp/ \\\n\t\t\t\t&& cp -v /work/build/power_logs/2024.07.12-00.03.14/ranging_tmp/*/*/*/mlperf_log_summary.txt /work/build/power_logs_temp/; \\\n\t\t\telse mkdir /work/build/power_logs/2024.07.12-00.03.14/testing_tmp \\\n\t\t\t\t&& mv /work/build/power_logs_temp/* /work/build/power_logs/2024.07.12-00.03.14/testing_tmp/ \\\n\t\t\t\t&& cp -v /work/build/power_logs/2024.07.12-00.03.14/testing_tmp/*/*/*/mlperf_log_detail.txt /work/build/power_logs_temp/ \\\n\t\t\t\t&& cp -v /work/build/power_logs/2024.07.12-00.03.14/testing_tmp/*/*/*/mlperf_log_summary.txt /work/build/power_logs_temp/; fi'
client 2024-07-12 00:18:20,506 [INFO] Sending command to the server: 'time'
client 2024-07-12 00:18:20,508 [INFO] Got response: '1720768700.508661'
client 2024-07-12 00:18:20,508 [INFO] The time difference between the client and the server is within range -1.759 ms..0.131 ms
client 2024-07-12 00:18:20,508 [INFO] Sending command to the server: 'session,2024-07-12_00-04-34,stop,ranging'
client 2024-07-12 00:18:31,210 [INFO] Got response: 'OK'
client 2024-07-12 00:18:31,210 [INFO] Sending command to the server: 'time'
client 2024-07-12 00:18:31,211 [INFO] Got response: '1720768711.2117069'
client 2024-07-12 00:18:31,211 [INFO] The time difference between the client and the server is within range -1.289 ms..-0.085 ms
client 2024-07-12 00:18:31,224 [INFO] Copying loadgen logs from '/work/build/power_logs_temp' to '/work/build/power_logs/2024.07.12-00.03.14/2024-07-12_00-04-34/ranging'
client 2024-07-12 00:18:31,242 [INFO] Running workload in testing mode
client 2024-07-12 00:18:31,242 [INFO] Synchronizing with the server and with ib-01.dc4-in.nvidia.com...
client 2024-07-12 00:18:31,472 [INFO] NTP:offset = -0.000 s, delay = 0.227 s 
client 2024-07-12 00:18:31,472 [INFO] Sending command to the server: 'time'
client 2024-07-12 00:18:31,473 [INFO] Got response: '1720768711.4737782'
client 2024-07-12 00:18:31,473 [INFO] The time difference between the client and the server is within range -1.516 ms..0.080 ms
client 2024-07-12 00:18:31,473 [INFO] Sending command to the server: 'session,2024-07-12_00-04-34,start,testing'
client 2024-07-12 00:18:53,097 [INFO] Got response: 'OK'
client 2024-07-12 00:18:53,097 [INFO] Sending command to the server: 'time'
client 2024-07-12 00:18:53,099 [INFO] Got response: '1720768733.0991027'
client 2024-07-12 00:18:53,099 [INFO] The time difference between the client and the server is within range -1.517 ms..-0.035 ms
client 2024-07-12 00:18:53,099 [INFO] Running the workload 'LOG_DIR=/work/build/power_logs_temp python3.10 -m code.main --benchmarks=3dunet --scenarios=Offline --config_ver=maxq_high_accuracy --test_mode=PerformanceOnly --action="run_harness" \\\n\t\t2>&1 | tee -a /work/build/power_logs/2024.07.12-00.03.14/stdout.txt \\\n\t\t&& if [ ! -d /work/build/power_logs/2024.07.12-00.03.14/ranging_tmp ]; \\\n\t\t\tthen mkdir /work/build/power_logs/2024.07.12-00.03.14/ranging_tmp \\\n\t\t\t\t&& mv /work/build/power_logs_temp/* /work/build/power_logs/2024.07.12-00.03.14/ranging_tmp/ \\\n\t\t\t\t&& cp -v /work/build/power_logs/2024.07.12-00.03.14/ranging_tmp/*/*/*/mlperf_log_detail.txt /work/build/power_logs_temp/ \\\n\t\t\t\t&& cp -v /work/build/power_logs/2024.07.12-00.03.14/ranging_tmp/*/*/*/mlperf_log_summary.txt /work/build/power_logs_temp/; \\\n\t\t\telse mkdir /work/build/power_logs/2024.07.12-00.03.14/testing_tmp \\\n\t\t\t\t&& mv /work/build/power_logs_temp/* /work/build/power_logs/2024.07.12-00.03.14/testing_tmp/ \\\n\t\t\t\t&& cp -v /work/build/power_logs/2024.07.12-00.03.14/testing_tmp/*/*/*/mlperf_log_detail.txt /work/build/power_logs_temp/ \\\n\t\t\t\t&& cp -v /work/build/power_logs/2024.07.12-00.03.14/testing_tmp/*/*/*/mlperf_log_summary.txt /work/build/power_logs_temp/; fi'
client 2024-07-12 00:31:18,259 [INFO] Sending command to the server: 'time'
client 2024-07-12 00:31:18,261 [INFO] Got response: '1720769478.2615147'
client 2024-07-12 00:31:18,261 [INFO] The time difference between the client and the server is within range -2.030 ms..-0.171 ms
client 2024-07-12 00:31:18,261 [INFO] Sending command to the server: 'session,2024-07-12_00-04-34,stop,testing'
client 2024-07-12 00:31:29,169 [INFO] Got response: 'OK'
client 2024-07-12 00:31:29,169 [INFO] Sending command to the server: 'time'
client 2024-07-12 00:31:29,170 [INFO] Got response: '1720769489.1710732'
client 2024-07-12 00:31:29,170 [INFO] The time difference between the client and the server is within range -1.463 ms..-0.335 ms
client 2024-07-12 00:31:29,177 [INFO] Copying loadgen logs from '/work/build/power_logs_temp' to '/work/build/power_logs/2024.07.12-00.03.14/2024-07-12_00-04-34/run_1'
client 2024-07-12 00:31:29,196 [INFO] Done runs
