client 2024-07-15 21:10:28,212 [INFO] Sending command to the server: 'mlcommons/power client v3'
client 2024-07-15 21:10:28,214 [INFO] Got response: 'mlcommons/power server v3'
client 2024-07-15 21:10:28,214 [INFO] Sending command to the server: 'stop'
client 2024-07-15 21:10:28,215 [INFO] Got response: 'OK'
client 2024-07-15 21:10:28,215 [INFO] Synchronizing with the server and with ib-01.dc4-in.nvidia.com...
client 2024-07-15 21:10:28,445 [INFO] NTP:offset = 0.001 s, delay = 0.227 s 
client 2024-07-15 21:10:28,445 [INFO] Sending command to the server: 'time'
client 2024-07-15 21:10:28,446 [INFO] Got response: '1721103028.4450068'
client 2024-07-15 21:10:28,446 [INFO] The time difference between the client and the server is within range 0.102 ms..1.312 ms
client 2024-07-15 21:10:28,446 [INFO] Sending command to the server: 'new,,f0a33359-f7d3-4fb7-b51d-9dc3bcb2e793'
client 2024-07-15 21:10:28,447 [INFO] Got response: 'OK 2024-07-15_21-10-28,a529277e-ffe9-481f-8e2f-05cb16ef401f'
client 2024-07-15 21:10:28,447 [INFO] Session id is '2024-07-15_21-10-28'
client 2024-07-15 21:10:28,447 [INFO] Sources: {"sources": {"__init__.py": "da39a3ee5e6b4b0d3255bfef95601890afd80709", "client.py": "33ca4f26368777ac06e01f9567b714a4b8063886", "lib/__init__.py": "da39a3ee5e6b4b0d3255bfef95601890afd80709", "lib/client.py": "ac2aa093c8e8bbc9569b9e2a3471bc64e58a2258", "lib/common.py": "611d8b29633d331eb19c9455ea3b5fa3284ed6df", "lib/external/__init__.py": "da39a3ee5e6b4b0d3255bfef95601890afd80709", "lib/external/ntplib.py": "4da8f970656505a40483206ef2b5d3dd5e81711d", "lib/server.py": "99303c836c683aa9017ec565104e636161d02acb", "lib/source_hashes.py": "60a2e02193209e8d392803326208d5466342da18", "lib/summary.py": "aa92f0a3f975eecd44d3c0cd0236342ccc9f941d", "lib/time_sync.py": "80894ef2389e540781ff78de94db16aa4203a14e", "server.py": "c3f90f2f7eeb4db30727556d0c815ebc89b3d28b", "tests/unit/__init__.py": "da39a3ee5e6b4b0d3255bfef95601890afd80709", "tests/unit/test_server.py": "948c1995d4008bc2aa6c4046a34ffa3858d6d671", "tests/unit/test_source_hashes.py": "00468a2907583c593e6574a1f6b404e4651c221a"}, "modules": {"ptd_client_server.lib.client": "lib/client.py", "ptd_client_server.lib.common": "lib/common.py", "ptd_client_server.lib.external.ntplib": "lib/external/ntplib.py", "ptd_client_server.lib.source_hashes": "lib/source_hashes.py", "ptd_client_server.lib.summary": "lib/summary.py", "ptd_client_server.lib.time_sync": "lib/time_sync.py"}}
client 2024-07-15 21:10:28,450 [INFO] Running workload in ranging mode
client 2024-07-15 21:10:28,450 [INFO] Synchronizing with the server and with ib-01.dc4-in.nvidia.com...
client 2024-07-15 21:10:28,680 [INFO] NTP:offset = 0.000 s, delay = 0.228 s 
client 2024-07-15 21:10:28,680 [INFO] Sending command to the server: 'time'
client 2024-07-15 21:10:28,681 [INFO] Got response: '1721103028.6802394'
client 2024-07-15 21:10:28,681 [INFO] The time difference between the client and the server is within range 0.104 ms..1.300 ms
client 2024-07-15 21:10:28,681 [INFO] Sending command to the server: 'session,2024-07-15_21-10-28,start,ranging'
client 2024-07-15 21:11:08,596 [INFO] Got response: 'OK'
client 2024-07-15 21:11:08,596 [INFO] Sending command to the server: 'time'
client 2024-07-15 21:11:08,597 [INFO] Got response: '1721103068.5962236'
client 2024-07-15 21:11:08,597 [INFO] The time difference between the client and the server is within range 0.225 ms..1.324 ms
client 2024-07-15 21:11:08,597 [INFO] Running the workload 'LOG_DIR=/work/build/power_logs_temp python3.10 -m code.main --benchmarks=retinanet --scenarios=server --config_ver=maxq --test_mode=PerformanceOnly --action="run_harness" \\\n\t\t2>&1 | tee -a /work/build/power_logs/2024.07.15-21.09.08/stdout.txt \\\n\t\t&& if [ ! -d /work/build/power_logs/2024.07.15-21.09.08/ranging_tmp ]; \\\n\t\t\tthen mkdir /work/build/power_logs/2024.07.15-21.09.08/ranging_tmp \\\n\t\t\t\t&& mv /work/build/power_logs_temp/* /work/build/power_logs/2024.07.15-21.09.08/ranging_tmp/ \\\n\t\t\t\t&& cp -v /work/build/power_logs/2024.07.15-21.09.08/ranging_tmp/*/*/*/mlperf_log_detail.txt /work/build/power_logs_temp/ \\\n\t\t\t\t&& cp -v /work/build/power_logs/2024.07.15-21.09.08/ranging_tmp/*/*/*/mlperf_log_summary.txt /work/build/power_logs_temp/; \\\n\t\t\telse mkdir /work/build/power_logs/2024.07.15-21.09.08/testing_tmp \\\n\t\t\t\t&& mv /work/build/power_logs_temp/* /work/build/power_logs/2024.07.15-21.09.08/testing_tmp/ \\\n\t\t\t\t&& cp -v /work/build/power_logs/2024.07.15-21.09.08/testing_tmp/*/*/*/mlperf_log_detail.txt /work/build/power_logs_temp/ \\\n\t\t\t\t&& cp -v /work/build/power_logs/2024.07.15-21.09.08/testing_tmp/*/*/*/mlperf_log_summary.txt /work/build/power_logs_temp/; fi'
client 2024-07-15 21:22:05,135 [INFO] Sending command to the server: 'time'
client 2024-07-15 21:22:05,136 [INFO] Got response: '1721103725.133945'
client 2024-07-15 21:22:05,136 [INFO] The time difference between the client and the server is within range 1.463 ms..2.990 ms
client 2024-07-15 21:22:05,136 [INFO] Sending command to the server: 'session,2024-07-15_21-10-28,stop,ranging'
client 2024-07-15 21:22:15,689 [INFO] Got response: 'OK'
client 2024-07-15 21:22:15,689 [INFO] Sending command to the server: 'time'
client 2024-07-15 21:22:15,690 [INFO] Got response: '1721103735.6879141'
client 2024-07-15 21:22:15,690 [INFO] The time difference between the client and the server is within range 2.036 ms..2.739 ms
client 2024-07-15 21:22:15,701 [INFO] Copying loadgen logs from '/work/build/power_logs_temp' to '/work/build/power_logs/2024.07.15-21.09.08/2024-07-15_21-10-28/ranging'
client 2024-07-15 21:22:15,714 [INFO] Running workload in testing mode
client 2024-07-15 21:22:15,714 [INFO] Synchronizing with the server and with ib-01.dc4-in.nvidia.com...
client 2024-07-15 21:22:15,944 [INFO] NTP:offset = 0.000 s, delay = 0.228 s 
client 2024-07-15 21:22:15,944 [INFO] Sending command to the server: 'time'
client 2024-07-15 21:22:15,945 [INFO] Got response: '1721103735.943055'
client 2024-07-15 21:22:15,946 [INFO] The time difference between the client and the server is within range 1.772 ms..2.960 ms
client 2024-07-15 21:22:15,946 [INFO] Sending command to the server: 'session,2024-07-15_21-10-28,start,testing'
client 2024-07-15 21:22:37,571 [INFO] Got response: 'OK'
client 2024-07-15 21:22:37,571 [INFO] Sending command to the server: 'time'
client 2024-07-15 21:22:37,572 [INFO] Got response: '1721103757.5700428'
client 2024-07-15 21:22:37,572 [INFO] The time difference between the client and the server is within range 1.798 ms..2.868 ms
client 2024-07-15 21:22:37,572 [INFO] Running the workload 'LOG_DIR=/work/build/power_logs_temp python3.10 -m code.main --benchmarks=retinanet --scenarios=server --config_ver=maxq --test_mode=PerformanceOnly --action="run_harness" \\\n\t\t2>&1 | tee -a /work/build/power_logs/2024.07.15-21.09.08/stdout.txt \\\n\t\t&& if [ ! -d /work/build/power_logs/2024.07.15-21.09.08/ranging_tmp ]; \\\n\t\t\tthen mkdir /work/build/power_logs/2024.07.15-21.09.08/ranging_tmp \\\n\t\t\t\t&& mv /work/build/power_logs_temp/* /work/build/power_logs/2024.07.15-21.09.08/ranging_tmp/ \\\n\t\t\t\t&& cp -v /work/build/power_logs/2024.07.15-21.09.08/ranging_tmp/*/*/*/mlperf_log_detail.txt /work/build/power_logs_temp/ \\\n\t\t\t\t&& cp -v /work/build/power_logs/2024.07.15-21.09.08/ranging_tmp/*/*/*/mlperf_log_summary.txt /work/build/power_logs_temp/; \\\n\t\t\telse mkdir /work/build/power_logs/2024.07.15-21.09.08/testing_tmp \\\n\t\t\t\t&& mv /work/build/power_logs_temp/* /work/build/power_logs/2024.07.15-21.09.08/testing_tmp/ \\\n\t\t\t\t&& cp -v /work/build/power_logs/2024.07.15-21.09.08/testing_tmp/*/*/*/mlperf_log_detail.txt /work/build/power_logs_temp/ \\\n\t\t\t\t&& cp -v /work/build/power_logs/2024.07.15-21.09.08/testing_tmp/*/*/*/mlperf_log_summary.txt /work/build/power_logs_temp/; fi'
client 2024-07-15 21:33:33,947 [INFO] Sending command to the server: 'time'
client 2024-07-15 21:33:33,949 [INFO] Got response: '1721104413.945121'
client 2024-07-15 21:33:33,949 [INFO] The time difference between the client and the server is within range 2.492 ms..4.044 ms
client 2024-07-15 21:33:33,949 [INFO] Sending command to the server: 'session,2024-07-15_21-10-28,stop,testing'
client 2024-07-15 21:33:44,638 [INFO] Got response: 'OK'
client 2024-07-15 21:33:44,638 [INFO] Sending command to the server: 'time'
client 2024-07-15 21:33:44,639 [INFO] Got response: '1721104424.6361456'
client 2024-07-15 21:33:44,640 [INFO] The time difference between the client and the server is within range 2.796 ms..3.855 ms
client 2024-07-15 21:33:44,645 [INFO] Copying loadgen logs from '/work/build/power_logs_temp' to '/work/build/power_logs/2024.07.15-21.09.08/2024-07-15_21-10-28/run_1'
client 2024-07-15 21:33:44,658 [INFO] Done runs
