client 2024-07-24 00:16:43,542 [INFO] Sending command to the server: 'mlcommons/power client v3'
client 2024-07-24 00:16:43,543 [INFO] Got response: 'mlcommons/power server v3'
client 2024-07-24 00:16:43,543 [INFO] Sending command to the server: 'stop'
client 2024-07-24 00:16:43,544 [INFO] Got response: 'OK'
client 2024-07-24 00:16:43,544 [INFO] Synchronizing with the server and with ib-01.dc4-in.nvidia.com...
client 2024-07-24 00:16:43,790 [INFO] NTP:offset = 0.008 s, delay = 0.242 s 
client 2024-07-24 00:16:43,790 [INFO] Sending command to the server: 'time'
client 2024-07-24 00:16:43,791 [INFO] Got response: '1721805403.7913833'
client 2024-07-24 00:16:43,791 [INFO] The time difference between the client and the server is within range -1.265 ms..0.103 ms
client 2024-07-24 00:16:43,791 [INFO] Sending command to the server: 'new,,9343f98e-7a14-4c6d-a2ca-736efeea8857'
client 2024-07-24 00:16:43,793 [INFO] Got response: 'OK 2024-07-24_00-16-43,56cc99bb-c9bc-47b2-9c8f-400acf5177b6'
client 2024-07-24 00:16:43,793 [INFO] Session id is '2024-07-24_00-16-43'
client 2024-07-24 00:16:43,793 [INFO] Sources: {"sources": {"__init__.py": "da39a3ee5e6b4b0d3255bfef95601890afd80709", "client.py": "33ca4f26368777ac06e01f9567b714a4b8063886", "lib/__init__.py": "da39a3ee5e6b4b0d3255bfef95601890afd80709", "lib/client.py": "ac2aa093c8e8bbc9569b9e2a3471bc64e58a2258", "lib/common.py": "611d8b29633d331eb19c9455ea3b5fa3284ed6df", "lib/external/__init__.py": "da39a3ee5e6b4b0d3255bfef95601890afd80709", "lib/external/ntplib.py": "4da8f970656505a40483206ef2b5d3dd5e81711d", "lib/server.py": "99303c836c683aa9017ec565104e636161d02acb", "lib/source_hashes.py": "60a2e02193209e8d392803326208d5466342da18", "lib/summary.py": "aa92f0a3f975eecd44d3c0cd0236342ccc9f941d", "lib/time_sync.py": "80894ef2389e540781ff78de94db16aa4203a14e", "server.py": "c3f90f2f7eeb4db30727556d0c815ebc89b3d28b", "tests/unit/__init__.py": "da39a3ee5e6b4b0d3255bfef95601890afd80709", "tests/unit/test_server.py": "948c1995d4008bc2aa6c4046a34ffa3858d6d671", "tests/unit/test_source_hashes.py": "00468a2907583c593e6574a1f6b404e4651c221a"}, "modules": {"ptd_client_server.lib.client": "lib/client.py", "ptd_client_server.lib.common": "lib/common.py", "ptd_client_server.lib.external.ntplib": "lib/external/ntplib.py", "ptd_client_server.lib.source_hashes": "lib/source_hashes.py", "ptd_client_server.lib.summary": "lib/summary.py", "ptd_client_server.lib.time_sync": "lib/time_sync.py"}}
client 2024-07-24 00:16:43,797 [INFO] Running workload in ranging mode
client 2024-07-24 00:16:43,797 [INFO] Synchronizing with the server and with ib-01.dc4-in.nvidia.com...
client 2024-07-24 00:16:44,025 [INFO] NTP:offset = 0.000 s, delay = 0.227 s 
client 2024-07-24 00:16:44,025 [INFO] Sending command to the server: 'time'
client 2024-07-24 00:16:44,026 [INFO] Got response: '1721805404.0265827'
client 2024-07-24 00:16:44,026 [INFO] The time difference between the client and the server is within range -1.271 ms..-0.216 ms
client 2024-07-24 00:16:44,026 [INFO] Sending command to the server: 'session,2024-07-24_00-16-43,start,ranging'
client 2024-07-24 00:17:23,941 [INFO] Got response: 'OK'
client 2024-07-24 00:17:23,941 [INFO] Sending command to the server: 'time'
client 2024-07-24 00:17:23,942 [INFO] Got response: '1721805443.9428964'
client 2024-07-24 00:17:23,942 [INFO] The time difference between the client and the server is within range -1.323 ms..-0.200 ms
client 2024-07-24 00:17:23,942 [INFO] Running the workload 'LOG_DIR=/work/build/power_logs_temp python3.10 -m code.main --benchmarks=bert --scenarios=Server --test_mode=PerformanceOnly --config_ver=maxq --action="run_harness" \\\n\t\t2>&1 | tee -a /work/build/power_logs/2024.07.24-00.15.22/stdout.txt \\\n\t\t&& if [ ! -d /work/build/power_logs/2024.07.24-00.15.22/ranging_tmp ]; \\\n\t\t\tthen mkdir /work/build/power_logs/2024.07.24-00.15.22/ranging_tmp \\\n\t\t\t\t&& mv /work/build/power_logs_temp/* /work/build/power_logs/2024.07.24-00.15.22/ranging_tmp/ \\\n\t\t\t\t&& cp -v /work/build/power_logs/2024.07.24-00.15.22/ranging_tmp/*/*/*/mlperf_log_detail.txt /work/build/power_logs_temp/ \\\n\t\t\t\t&& cp -v /work/build/power_logs/2024.07.24-00.15.22/ranging_tmp/*/*/*/mlperf_log_summary.txt /work/build/power_logs_temp/; \\\n\t\t\telse mkdir /work/build/power_logs/2024.07.24-00.15.22/testing_tmp \\\n\t\t\t\t&& mv /work/build/power_logs_temp/* /work/build/power_logs/2024.07.24-00.15.22/testing_tmp/ \\\n\t\t\t\t&& cp -v /work/build/power_logs/2024.07.24-00.15.22/testing_tmp/*/*/*/mlperf_log_detail.txt /work/build/power_logs_temp/ \\\n\t\t\t\t&& cp -v /work/build/power_logs/2024.07.24-00.15.22/testing_tmp/*/*/*/mlperf_log_summary.txt /work/build/power_logs_temp/; fi'
client 2024-07-24 00:28:41,036 [INFO] Sending command to the server: 'time'
client 2024-07-24 00:28:41,038 [INFO] Got response: '1721806121.038242'
client 2024-07-24 00:28:41,038 [INFO] The time difference between the client and the server is within range -1.304 ms..0.062 ms
client 2024-07-24 00:28:41,038 [INFO] Sending command to the server: 'session,2024-07-24_00-16-43,stop,ranging'
client 2024-07-24 00:28:52,039 [INFO] Got response: 'OK'
client 2024-07-24 00:28:52,039 [INFO] Sending command to the server: 'time'
client 2024-07-24 00:28:52,040 [INFO] Got response: '1721806132.0405986'
client 2024-07-24 00:28:52,040 [INFO] The time difference between the client and the server is within range -0.779 ms..-0.105 ms
client 2024-07-24 00:28:52,050 [INFO] Copying loadgen logs from '/work/build/power_logs_temp' to '/work/build/power_logs/2024.07.24-00.15.22/2024-07-24_00-16-43/ranging'
client 2024-07-24 00:28:52,071 [INFO] Running workload in testing mode
client 2024-07-24 00:28:52,071 [INFO] Synchronizing with the server and with ib-01.dc4-in.nvidia.com...
client 2024-07-24 00:28:52,300 [INFO] NTP:offset = 0.000 s, delay = 0.227 s 
client 2024-07-24 00:28:52,300 [INFO] Sending command to the server: 'time'
client 2024-07-24 00:28:52,301 [INFO] Got response: '1721806132.3017979'
client 2024-07-24 00:28:52,301 [INFO] The time difference between the client and the server is within range -1.070 ms..0.007 ms
client 2024-07-24 00:28:52,301 [INFO] Sending command to the server: 'session,2024-07-24_00-16-43,start,testing'
client 2024-07-24 00:29:13,927 [INFO] Got response: 'OK'
client 2024-07-24 00:29:13,927 [INFO] Sending command to the server: 'time'
client 2024-07-24 00:29:13,928 [INFO] Got response: '1721806153.9285822'
client 2024-07-24 00:29:13,928 [INFO] The time difference between the client and the server is within range -1.091 ms..0.026 ms
client 2024-07-24 00:29:13,928 [INFO] Running the workload 'LOG_DIR=/work/build/power_logs_temp python3.10 -m code.main --benchmarks=bert --scenarios=Server --test_mode=PerformanceOnly --config_ver=maxq --action="run_harness" \\\n\t\t2>&1 | tee -a /work/build/power_logs/2024.07.24-00.15.22/stdout.txt \\\n\t\t&& if [ ! -d /work/build/power_logs/2024.07.24-00.15.22/ranging_tmp ]; \\\n\t\t\tthen mkdir /work/build/power_logs/2024.07.24-00.15.22/ranging_tmp \\\n\t\t\t\t&& mv /work/build/power_logs_temp/* /work/build/power_logs/2024.07.24-00.15.22/ranging_tmp/ \\\n\t\t\t\t&& cp -v /work/build/power_logs/2024.07.24-00.15.22/ranging_tmp/*/*/*/mlperf_log_detail.txt /work/build/power_logs_temp/ \\\n\t\t\t\t&& cp -v /work/build/power_logs/2024.07.24-00.15.22/ranging_tmp/*/*/*/mlperf_log_summary.txt /work/build/power_logs_temp/; \\\n\t\t\telse mkdir /work/build/power_logs/2024.07.24-00.15.22/testing_tmp \\\n\t\t\t\t&& mv /work/build/power_logs_temp/* /work/build/power_logs/2024.07.24-00.15.22/testing_tmp/ \\\n\t\t\t\t&& cp -v /work/build/power_logs/2024.07.24-00.15.22/testing_tmp/*/*/*/mlperf_log_detail.txt /work/build/power_logs_temp/ \\\n\t\t\t\t&& cp -v /work/build/power_logs/2024.07.24-00.15.22/testing_tmp/*/*/*/mlperf_log_summary.txt /work/build/power_logs_temp/; fi'
client 2024-07-24 00:40:31,991 [INFO] Sending command to the server: 'time'
client 2024-07-24 00:40:31,992 [INFO] Got response: '1721806831.9923174'
client 2024-07-24 00:40:31,992 [INFO] The time difference between the client and the server is within range -1.288 ms..0.167 ms
client 2024-07-24 00:40:31,992 [INFO] Sending command to the server: 'session,2024-07-24_00-16-43,stop,testing'
client 2024-07-24 00:40:42,996 [INFO] Got response: 'OK'
client 2024-07-24 00:40:42,996 [INFO] Sending command to the server: 'time'
client 2024-07-24 00:40:42,996 [INFO] Got response: '1721806842.9969716'
client 2024-07-24 00:40:42,997 [INFO] The time difference between the client and the server is within range -0.854 ms..0.028 ms
client 2024-07-24 00:40:43,003 [INFO] Copying loadgen logs from '/work/build/power_logs_temp' to '/work/build/power_logs/2024.07.24-00.15.22/2024-07-24_00-16-43/run_1'
client 2024-07-24 00:40:43,024 [INFO] Done runs
