client 2024-07-19 11:01:16,600 [INFO] Sending command to the server: 'mlcommons/power client v3'
client 2024-07-19 11:01:16,601 [INFO] Got response: 'mlcommons/power server v3'
client 2024-07-19 11:01:16,601 [INFO] Sending command to the server: 'stop'
client 2024-07-19 11:01:16,602 [INFO] Got response: 'OK'
client 2024-07-19 11:01:16,602 [INFO] Synchronizing with the server and with ib-01.dc4-in.nvidia.com...
client 2024-07-19 11:01:16,832 [INFO] NTP:offset = -0.001 s, delay = 0.227 s 
client 2024-07-19 11:01:16,832 [INFO] Sending command to the server: 'time'
client 2024-07-19 11:01:16,833 [INFO] Got response: '1721412076.8333158'
client 2024-07-19 11:01:16,833 [INFO] The time difference between the client and the server is within range -0.539 ms..0.641 ms
client 2024-07-19 11:01:16,833 [INFO] Sending command to the server: 'new,,3749835d-b097-4700-97d7-7419b3498642'
client 2024-07-19 11:01:16,835 [INFO] Got response: 'OK 2024-07-19_11-01-16,c4605f50-90eb-4e57-9017-0c7c4ef7055f'
client 2024-07-19 11:01:16,835 [INFO] Session id is '2024-07-19_11-01-16'
client 2024-07-19 11:01:16,835 [INFO] Sources: {"sources": {"__init__.py": "da39a3ee5e6b4b0d3255bfef95601890afd80709", "client.py": "33ca4f26368777ac06e01f9567b714a4b8063886", "lib/__init__.py": "da39a3ee5e6b4b0d3255bfef95601890afd80709", "lib/client.py": "ac2aa093c8e8bbc9569b9e2a3471bc64e58a2258", "lib/common.py": "611d8b29633d331eb19c9455ea3b5fa3284ed6df", "lib/external/__init__.py": "da39a3ee5e6b4b0d3255bfef95601890afd80709", "lib/external/ntplib.py": "4da8f970656505a40483206ef2b5d3dd5e81711d", "lib/server.py": "99303c836c683aa9017ec565104e636161d02acb", "lib/source_hashes.py": "60a2e02193209e8d392803326208d5466342da18", "lib/summary.py": "aa92f0a3f975eecd44d3c0cd0236342ccc9f941d", "lib/time_sync.py": "80894ef2389e540781ff78de94db16aa4203a14e", "server.py": "c3f90f2f7eeb4db30727556d0c815ebc89b3d28b", "tests/unit/__init__.py": "da39a3ee5e6b4b0d3255bfef95601890afd80709", "tests/unit/test_server.py": "948c1995d4008bc2aa6c4046a34ffa3858d6d671", "tests/unit/test_source_hashes.py": "00468a2907583c593e6574a1f6b404e4651c221a"}, "modules": {"ptd_client_server.lib.client": "lib/client.py", "ptd_client_server.lib.common": "lib/common.py", "ptd_client_server.lib.external.ntplib": "lib/external/ntplib.py", "ptd_client_server.lib.source_hashes": "lib/source_hashes.py", "ptd_client_server.lib.summary": "lib/summary.py", "ptd_client_server.lib.time_sync": "lib/time_sync.py"}}
client 2024-07-19 11:01:16,837 [INFO] Running workload in ranging mode
client 2024-07-19 11:01:16,837 [INFO] Synchronizing with the server and with ib-01.dc4-in.nvidia.com...
client 2024-07-19 11:01:17,064 [INFO] NTP:offset = -0.001 s, delay = 0.227 s 
client 2024-07-19 11:01:17,064 [INFO] Sending command to the server: 'time'
client 2024-07-19 11:01:17,066 [INFO] Got response: '1721412077.0654318'
client 2024-07-19 11:01:17,066 [INFO] The time difference between the client and the server is within range -0.542 ms..0.633 ms
client 2024-07-19 11:01:17,066 [INFO] Sending command to the server: 'session,2024-07-19_11-01-16,start,ranging'
client 2024-07-19 11:01:56,976 [INFO] Got response: 'OK'
client 2024-07-19 11:01:56,976 [INFO] Sending command to the server: 'time'
client 2024-07-19 11:01:56,977 [INFO] Got response: '1721412116.9770806'
client 2024-07-19 11:01:56,977 [INFO] The time difference between the client and the server is within range -0.567 ms..0.525 ms
client 2024-07-19 11:01:56,977 [INFO] Running the workload 'LOG_DIR=/work/build/power_logs_temp python3.10 -m code.main --benchmarks=sdxl --scenarios=server --config_ver=maxq --test_mode=PerformanceOnly --action="run_harness" \\\n\t\t2>&1 | tee -a /work/build/power_logs/2024.07.19-10.59.56/stdout.txt \\\n\t\t&& if [ ! -d /work/build/power_logs/2024.07.19-10.59.56/ranging_tmp ]; \\\n\t\t\tthen mkdir /work/build/power_logs/2024.07.19-10.59.56/ranging_tmp \\\n\t\t\t\t&& mv /work/build/power_logs_temp/* /work/build/power_logs/2024.07.19-10.59.56/ranging_tmp/ \\\n\t\t\t\t&& cp -v /work/build/power_logs/2024.07.19-10.59.56/ranging_tmp/*/*/*/mlperf_log_detail.txt /work/build/power_logs_temp/ \\\n\t\t\t\t&& cp -v /work/build/power_logs/2024.07.19-10.59.56/ranging_tmp/*/*/*/mlperf_log_summary.txt /work/build/power_logs_temp/; \\\n\t\t\telse mkdir /work/build/power_logs/2024.07.19-10.59.56/testing_tmp \\\n\t\t\t\t&& mv /work/build/power_logs_temp/* /work/build/power_logs/2024.07.19-10.59.56/testing_tmp/ \\\n\t\t\t\t&& cp -v /work/build/power_logs/2024.07.19-10.59.56/testing_tmp/*/*/*/mlperf_log_detail.txt /work/build/power_logs_temp/ \\\n\t\t\t\t&& cp -v /work/build/power_logs/2024.07.19-10.59.56/testing_tmp/*/*/*/mlperf_log_summary.txt /work/build/power_logs_temp/; fi'
client 2024-07-19 11:15:45,645 [INFO] Sending command to the server: 'time'
client 2024-07-19 11:15:45,646 [INFO] Got response: '1721412945.646026'
client 2024-07-19 11:15:45,646 [INFO] The time difference between the client and the server is within range -0.689 ms..0.748 ms
client 2024-07-19 11:15:45,646 [INFO] Sending command to the server: 'session,2024-07-19_11-01-16,stop,ranging'
client 2024-07-19 11:15:56,078 [INFO] Got response: 'OK'
client 2024-07-19 11:15:56,078 [INFO] Sending command to the server: 'time'
client 2024-07-19 11:15:56,079 [INFO] Got response: '1721412956.0789216'
client 2024-07-19 11:15:56,079 [INFO] The time difference between the client and the server is within range -0.168 ms..0.547 ms
client 2024-07-19 11:15:56,084 [INFO] Copying loadgen logs from '/work/build/power_logs_temp' to '/work/build/power_logs/2024.07.19-10.59.56/2024-07-19_11-01-16/ranging'
client 2024-07-19 11:15:56,090 [INFO] Running workload in testing mode
client 2024-07-19 11:15:56,090 [INFO] Synchronizing with the server and with ib-01.dc4-in.nvidia.com...
client 2024-07-19 11:15:56,318 [INFO] NTP:offset = -0.001 s, delay = 0.227 s 
client 2024-07-19 11:15:56,318 [INFO] Sending command to the server: 'time'
client 2024-07-19 11:15:56,319 [INFO] Got response: '1721412956.318951'
client 2024-07-19 11:15:56,319 [INFO] The time difference between the client and the server is within range -0.410 ms..0.772 ms
client 2024-07-19 11:15:56,319 [INFO] Sending command to the server: 'session,2024-07-19_11-01-16,start,testing'
client 2024-07-19 11:16:17,943 [INFO] Got response: 'OK'
client 2024-07-19 11:16:17,943 [INFO] Sending command to the server: 'time'
client 2024-07-19 11:16:17,944 [INFO] Got response: '1721412977.9435189'
client 2024-07-19 11:16:17,944 [INFO] The time difference between the client and the server is within range -0.381 ms..0.651 ms
client 2024-07-19 11:16:17,944 [INFO] Running the workload 'LOG_DIR=/work/build/power_logs_temp python3.10 -m code.main --benchmarks=sdxl --scenarios=server --config_ver=maxq --test_mode=PerformanceOnly --action="run_harness" \\\n\t\t2>&1 | tee -a /work/build/power_logs/2024.07.19-10.59.56/stdout.txt \\\n\t\t&& if [ ! -d /work/build/power_logs/2024.07.19-10.59.56/ranging_tmp ]; \\\n\t\t\tthen mkdir /work/build/power_logs/2024.07.19-10.59.56/ranging_tmp \\\n\t\t\t\t&& mv /work/build/power_logs_temp/* /work/build/power_logs/2024.07.19-10.59.56/ranging_tmp/ \\\n\t\t\t\t&& cp -v /work/build/power_logs/2024.07.19-10.59.56/ranging_tmp/*/*/*/mlperf_log_detail.txt /work/build/power_logs_temp/ \\\n\t\t\t\t&& cp -v /work/build/power_logs/2024.07.19-10.59.56/ranging_tmp/*/*/*/mlperf_log_summary.txt /work/build/power_logs_temp/; \\\n\t\t\telse mkdir /work/build/power_logs/2024.07.19-10.59.56/testing_tmp \\\n\t\t\t\t&& mv /work/build/power_logs_temp/* /work/build/power_logs/2024.07.19-10.59.56/testing_tmp/ \\\n\t\t\t\t&& cp -v /work/build/power_logs/2024.07.19-10.59.56/testing_tmp/*/*/*/mlperf_log_detail.txt /work/build/power_logs_temp/ \\\n\t\t\t\t&& cp -v /work/build/power_logs/2024.07.19-10.59.56/testing_tmp/*/*/*/mlperf_log_summary.txt /work/build/power_logs_temp/; fi'
client 2024-07-19 11:29:57,746 [INFO] Sending command to the server: 'time'
client 2024-07-19 11:29:57,748 [INFO] Got response: '1721413797.7469707'
client 2024-07-19 11:29:57,748 [INFO] The time difference between the client and the server is within range -0.503 ms..1.074 ms
client 2024-07-19 11:29:57,748 [INFO] Sending command to the server: 'session,2024-07-19_11-01-16,stop,testing'
client 2024-07-19 11:30:08,018 [INFO] Got response: 'OK'
client 2024-07-19 11:30:08,018 [INFO] Sending command to the server: 'time'
client 2024-07-19 11:30:08,019 [INFO] Got response: '1721413808.0189166'
client 2024-07-19 11:30:08,019 [INFO] The time difference between the client and the server is within range -0.169 ms..0.819 ms
client 2024-07-19 11:30:08,022 [INFO] Copying loadgen logs from '/work/build/power_logs_temp' to '/work/build/power_logs/2024.07.19-10.59.56/2024-07-19_11-01-16/run_1'
client 2024-07-19 11:30:08,027 [INFO] Done runs
