client 2024-07-15 16:21:31,625 [INFO] Sending command to the server: 'mlcommons/power client v3'
client 2024-07-15 16:21:31,627 [INFO] Got response: 'mlcommons/power server v3'
client 2024-07-15 16:21:31,627 [INFO] Sending command to the server: 'stop'
client 2024-07-15 16:21:31,628 [INFO] Got response: 'OK'
client 2024-07-15 16:21:31,628 [INFO] Synchronizing with the server and with ib-01.dc4-in.nvidia.com...
client 2024-07-15 16:21:31,860 [INFO] NTP:offset = 0.000 s, delay = 0.228 s 
client 2024-07-15 16:21:31,860 [INFO] Sending command to the server: 'time'
client 2024-07-15 16:21:31,861 [INFO] Got response: '1721085691.8619542'
client 2024-07-15 16:21:31,861 [INFO] The time difference between the client and the server is within range -1.517 ms..-0.314 ms
client 2024-07-15 16:21:31,861 [INFO] Sending command to the server: 'new,,5a8a6aa6-fde8-4870-938c-59aad41108e1'
client 2024-07-15 16:21:31,863 [INFO] Got response: 'OK 2024-07-15_16-21-31,f55d2c90-27d8-4763-a895-7ba0fe8f91cf'
client 2024-07-15 16:21:31,863 [INFO] Session id is '2024-07-15_16-21-31'
client 2024-07-15 16:21:31,863 [INFO] Sources: {"sources": {"__init__.py": "da39a3ee5e6b4b0d3255bfef95601890afd80709", "client.py": "33ca4f26368777ac06e01f9567b714a4b8063886", "lib/__init__.py": "da39a3ee5e6b4b0d3255bfef95601890afd80709", "lib/client.py": "ac2aa093c8e8bbc9569b9e2a3471bc64e58a2258", "lib/common.py": "611d8b29633d331eb19c9455ea3b5fa3284ed6df", "lib/external/__init__.py": "da39a3ee5e6b4b0d3255bfef95601890afd80709", "lib/external/ntplib.py": "4da8f970656505a40483206ef2b5d3dd5e81711d", "lib/server.py": "99303c836c683aa9017ec565104e636161d02acb", "lib/source_hashes.py": "60a2e02193209e8d392803326208d5466342da18", "lib/summary.py": "aa92f0a3f975eecd44d3c0cd0236342ccc9f941d", "lib/time_sync.py": "80894ef2389e540781ff78de94db16aa4203a14e", "server.py": "c3f90f2f7eeb4db30727556d0c815ebc89b3d28b", "tests/unit/__init__.py": "da39a3ee5e6b4b0d3255bfef95601890afd80709", "tests/unit/test_server.py": "948c1995d4008bc2aa6c4046a34ffa3858d6d671", "tests/unit/test_source_hashes.py": "00468a2907583c593e6574a1f6b404e4651c221a"}, "modules": {"ptd_client_server.lib.client": "lib/client.py", "ptd_client_server.lib.common": "lib/common.py", "ptd_client_server.lib.external.ntplib": "lib/external/ntplib.py", "ptd_client_server.lib.source_hashes": "lib/source_hashes.py", "ptd_client_server.lib.summary": "lib/summary.py", "ptd_client_server.lib.time_sync": "lib/time_sync.py"}}
client 2024-07-15 16:21:31,865 [INFO] Running workload in ranging mode
client 2024-07-15 16:21:31,865 [INFO] Synchronizing with the server and with ib-01.dc4-in.nvidia.com...
client 2024-07-15 16:21:32,095 [INFO] NTP:offset = 0.001 s, delay = 0.227 s 
client 2024-07-15 16:21:32,095 [INFO] Sending command to the server: 'time'
client 2024-07-15 16:21:32,096 [INFO] Got response: '1721085692.0969412'
client 2024-07-15 16:21:32,096 [INFO] The time difference between the client and the server is within range -1.519 ms..-0.332 ms
client 2024-07-15 16:21:32,096 [INFO] Sending command to the server: 'session,2024-07-15_16-21-31,start,ranging'
client 2024-07-15 16:22:12,007 [INFO] Got response: 'OK'
client 2024-07-15 16:22:12,007 [INFO] Sending command to the server: 'time'
client 2024-07-15 16:22:12,008 [INFO] Got response: '1721085732.0094502'
client 2024-07-15 16:22:12,008 [INFO] The time difference between the client and the server is within range -1.480 ms..-0.480 ms
client 2024-07-15 16:22:12,009 [INFO] Running the workload 'LOG_DIR=/work/build/power_logs_temp python3.10 -m code.main --benchmarks=resnet50 --scenarios=Server --config_ver=maxq --test_mode=PerformanceOnly --action="run_harness" \\\n\t\t2>&1 | tee -a /work/build/power_logs/2024.07.15-16.20.10/stdout.txt \\\n\t\t&& if [ ! -d /work/build/power_logs/2024.07.15-16.20.10/ranging_tmp ]; \\\n\t\t\tthen mkdir /work/build/power_logs/2024.07.15-16.20.10/ranging_tmp \\\n\t\t\t\t&& mv /work/build/power_logs_temp/* /work/build/power_logs/2024.07.15-16.20.10/ranging_tmp/ \\\n\t\t\t\t&& cp -v /work/build/power_logs/2024.07.15-16.20.10/ranging_tmp/*/*/*/mlperf_log_detail.txt /work/build/power_logs_temp/ \\\n\t\t\t\t&& cp -v /work/build/power_logs/2024.07.15-16.20.10/ranging_tmp/*/*/*/mlperf_log_summary.txt /work/build/power_logs_temp/; \\\n\t\t\telse mkdir /work/build/power_logs/2024.07.15-16.20.10/testing_tmp \\\n\t\t\t\t&& mv /work/build/power_logs_temp/* /work/build/power_logs/2024.07.15-16.20.10/testing_tmp/ \\\n\t\t\t\t&& cp -v /work/build/power_logs/2024.07.15-16.20.10/testing_tmp/*/*/*/mlperf_log_detail.txt /work/build/power_logs_temp/ \\\n\t\t\t\t&& cp -v /work/build/power_logs/2024.07.15-16.20.10/testing_tmp/*/*/*/mlperf_log_summary.txt /work/build/power_logs_temp/; fi'
client 2024-07-15 16:36:45,216 [INFO] Sending command to the server: 'time'
client 2024-07-15 16:36:45,217 [INFO] Got response: '1721086605.217915'
client 2024-07-15 16:36:45,217 [INFO] The time difference between the client and the server is within range -1.948 ms..-0.483 ms
client 2024-07-15 16:36:45,217 [INFO] Sending command to the server: 'session,2024-07-15_16-21-31,stop,ranging'
client 2024-07-15 16:36:56,111 [INFO] Got response: 'OK'
client 2024-07-15 16:36:56,111 [INFO] Sending command to the server: 'time'
client 2024-07-15 16:36:56,111 [INFO] Got response: '1721086616.1125834'
client 2024-07-15 16:36:56,111 [INFO] The time difference between the client and the server is within range -1.416 ms..-0.611 ms
client 2024-07-15 16:36:56,120 [INFO] Copying loadgen logs from '/work/build/power_logs_temp' to '/work/build/power_logs/2024.07.15-16.20.10/2024-07-15_16-21-31/ranging'
client 2024-07-15 16:36:56,132 [INFO] Running workload in testing mode
client 2024-07-15 16:36:56,132 [INFO] Synchronizing with the server and with ib-01.dc4-in.nvidia.com...
client 2024-07-15 16:36:56,361 [INFO] NTP:offset = 0.000 s, delay = 0.228 s 
client 2024-07-15 16:36:56,361 [INFO] Sending command to the server: 'time'
client 2024-07-15 16:36:56,362 [INFO] Got response: '1721086616.3630579'
client 2024-07-15 16:36:56,362 [INFO] The time difference between the client and the server is within range -1.623 ms..-0.433 ms
client 2024-07-15 16:36:56,362 [INFO] Sending command to the server: 'session,2024-07-15_16-21-31,start,testing'
client 2024-07-15 16:37:17,987 [INFO] Got response: 'OK'
client 2024-07-15 16:37:17,987 [INFO] Sending command to the server: 'time'
client 2024-07-15 16:37:17,989 [INFO] Got response: '1721086637.9895954'
client 2024-07-15 16:37:17,989 [INFO] The time difference between the client and the server is within range -1.606 ms..-0.570 ms
client 2024-07-15 16:37:17,989 [INFO] Running the workload 'LOG_DIR=/work/build/power_logs_temp python3.10 -m code.main --benchmarks=resnet50 --scenarios=Server --config_ver=maxq --test_mode=PerformanceOnly --action="run_harness" \\\n\t\t2>&1 | tee -a /work/build/power_logs/2024.07.15-16.20.10/stdout.txt \\\n\t\t&& if [ ! -d /work/build/power_logs/2024.07.15-16.20.10/ranging_tmp ]; \\\n\t\t\tthen mkdir /work/build/power_logs/2024.07.15-16.20.10/ranging_tmp \\\n\t\t\t\t&& mv /work/build/power_logs_temp/* /work/build/power_logs/2024.07.15-16.20.10/ranging_tmp/ \\\n\t\t\t\t&& cp -v /work/build/power_logs/2024.07.15-16.20.10/ranging_tmp/*/*/*/mlperf_log_detail.txt /work/build/power_logs_temp/ \\\n\t\t\t\t&& cp -v /work/build/power_logs/2024.07.15-16.20.10/ranging_tmp/*/*/*/mlperf_log_summary.txt /work/build/power_logs_temp/; \\\n\t\t\telse mkdir /work/build/power_logs/2024.07.15-16.20.10/testing_tmp \\\n\t\t\t\t&& mv /work/build/power_logs_temp/* /work/build/power_logs/2024.07.15-16.20.10/testing_tmp/ \\\n\t\t\t\t&& cp -v /work/build/power_logs/2024.07.15-16.20.10/testing_tmp/*/*/*/mlperf_log_detail.txt /work/build/power_logs_temp/ \\\n\t\t\t\t&& cp -v /work/build/power_logs/2024.07.15-16.20.10/testing_tmp/*/*/*/mlperf_log_summary.txt /work/build/power_logs_temp/; fi'
client 2024-07-15 16:51:52,109 [INFO] Sending command to the server: 'time'
client 2024-07-15 16:51:52,111 [INFO] Got response: '1721087512.111902'
client 2024-07-15 16:51:52,111 [INFO] The time difference between the client and the server is within range -2.013 ms..-0.544 ms
client 2024-07-15 16:51:52,111 [INFO] Sending command to the server: 'session,2024-07-15_16-21-31,stop,testing'
client 2024-07-15 16:52:03,064 [INFO] Got response: 'OK'
client 2024-07-15 16:52:03,064 [INFO] Sending command to the server: 'time'
client 2024-07-15 16:52:03,065 [INFO] Got response: '1721087523.0666244'
client 2024-07-15 16:52:03,066 [INFO] The time difference between the client and the server is within range -1.697 ms..-0.628 ms
client 2024-07-15 16:52:03,070 [INFO] Copying loadgen logs from '/work/build/power_logs_temp' to '/work/build/power_logs/2024.07.15-16.20.10/2024-07-15_16-21-31/run_1'
client 2024-07-15 16:52:03,081 [INFO] Done runs
