client 2024-07-13 12:54:19,295 [INFO] Sending command to the server: 'mlcommons/power client v3'
client 2024-07-13 12:54:19,297 [INFO] Got response: 'mlcommons/power server v3'
client 2024-07-13 12:54:19,297 [INFO] Sending command to the server: 'stop'
client 2024-07-13 12:54:19,298 [INFO] Got response: 'OK'
client 2024-07-13 12:54:19,298 [INFO] Synchronizing with the server and with ib-01.dc4-in.nvidia.com...
client 2024-07-13 12:54:19,528 [INFO] NTP:offset = -0.001 s, delay = 0.228 s 
client 2024-07-13 12:54:19,528 [INFO] Sending command to the server: 'time'
client 2024-07-13 12:54:19,530 [INFO] Got response: '1720900459.528296'
client 2024-07-13 12:54:19,530 [INFO] The time difference between the client and the server is within range 0.653 ms..1.890 ms
client 2024-07-13 12:54:19,530 [INFO] Sending command to the server: 'new,,28134dd6-256a-4a12-a598-474b21b6ed4d'
client 2024-07-13 12:54:19,531 [INFO] Got response: 'OK 2024-07-13_12-54-19,494c40b3-86e0-4c64-812d-ec0a502bba82'
client 2024-07-13 12:54:19,531 [INFO] Session id is '2024-07-13_12-54-19'
client 2024-07-13 12:54:19,531 [INFO] Sources: {"sources": {"__init__.py": "da39a3ee5e6b4b0d3255bfef95601890afd80709", "client.py": "33ca4f26368777ac06e01f9567b714a4b8063886", "lib/__init__.py": "da39a3ee5e6b4b0d3255bfef95601890afd80709", "lib/client.py": "ac2aa093c8e8bbc9569b9e2a3471bc64e58a2258", "lib/common.py": "611d8b29633d331eb19c9455ea3b5fa3284ed6df", "lib/external/__init__.py": "da39a3ee5e6b4b0d3255bfef95601890afd80709", "lib/external/ntplib.py": "4da8f970656505a40483206ef2b5d3dd5e81711d", "lib/server.py": "99303c836c683aa9017ec565104e636161d02acb", "lib/source_hashes.py": "60a2e02193209e8d392803326208d5466342da18", "lib/summary.py": "aa92f0a3f975eecd44d3c0cd0236342ccc9f941d", "lib/time_sync.py": "80894ef2389e540781ff78de94db16aa4203a14e", "server.py": "c3f90f2f7eeb4db30727556d0c815ebc89b3d28b", "tests/unit/__init__.py": "da39a3ee5e6b4b0d3255bfef95601890afd80709", "tests/unit/test_server.py": "948c1995d4008bc2aa6c4046a34ffa3858d6d671", "tests/unit/test_source_hashes.py": "00468a2907583c593e6574a1f6b404e4651c221a"}, "modules": {"ptd_client_server.lib.client": "lib/client.py", "ptd_client_server.lib.common": "lib/common.py", "ptd_client_server.lib.external.ntplib": "lib/external/ntplib.py", "ptd_client_server.lib.source_hashes": "lib/source_hashes.py", "ptd_client_server.lib.summary": "lib/summary.py", "ptd_client_server.lib.time_sync": "lib/time_sync.py"}}
client 2024-07-13 12:54:19,534 [INFO] Running workload in ranging mode
client 2024-07-13 12:54:19,534 [INFO] Synchronizing with the server and with ib-01.dc4-in.nvidia.com...
client 2024-07-13 12:54:19,763 [INFO] NTP:offset = -0.000 s, delay = 0.227 s 
client 2024-07-13 12:54:19,763 [INFO] Sending command to the server: 'time'
client 2024-07-13 12:54:19,764 [INFO] Got response: '1720900459.762815'
client 2024-07-13 12:54:19,764 [INFO] The time difference between the client and the server is within range 0.663 ms..1.878 ms
client 2024-07-13 12:54:19,764 [INFO] Sending command to the server: 'session,2024-07-13_12-54-19,start,ranging'
client 2024-07-13 12:54:59,679 [INFO] Got response: 'OK'
client 2024-07-13 12:54:59,679 [INFO] Sending command to the server: 'time'
client 2024-07-13 12:54:59,680 [INFO] Got response: '1720900499.6791399'
client 2024-07-13 12:54:59,680 [INFO] The time difference between the client and the server is within range 0.672 ms..1.806 ms
client 2024-07-13 12:54:59,680 [INFO] Running the workload 'LOG_DIR=/work/build/power_logs_temp python3.10 -m code.main --benchmarks=dlrmv2 --scenarios=Offline --config_ver=maxq --test_mode=PerformanceOnly --action="run_harness" \\\n\t\t2>&1 | tee -a /work/build/power_logs/2024.07.13-12.52.59/stdout.txt \\\n\t\t&& if [ ! -d /work/build/power_logs/2024.07.13-12.52.59/ranging_tmp ]; \\\n\t\t\tthen mkdir /work/build/power_logs/2024.07.13-12.52.59/ranging_tmp \\\n\t\t\t\t&& mv /work/build/power_logs_temp/* /work/build/power_logs/2024.07.13-12.52.59/ranging_tmp/ \\\n\t\t\t\t&& cp -v /work/build/power_logs/2024.07.13-12.52.59/ranging_tmp/*/*/*/mlperf_log_detail.txt /work/build/power_logs_temp/ \\\n\t\t\t\t&& cp -v /work/build/power_logs/2024.07.13-12.52.59/ranging_tmp/*/*/*/mlperf_log_summary.txt /work/build/power_logs_temp/; \\\n\t\t\telse mkdir /work/build/power_logs/2024.07.13-12.52.59/testing_tmp \\\n\t\t\t\t&& mv /work/build/power_logs_temp/* /work/build/power_logs/2024.07.13-12.52.59/testing_tmp/ \\\n\t\t\t\t&& cp -v /work/build/power_logs/2024.07.13-12.52.59/testing_tmp/*/*/*/mlperf_log_detail.txt /work/build/power_logs_temp/ \\\n\t\t\t\t&& cp -v /work/build/power_logs/2024.07.13-12.52.59/testing_tmp/*/*/*/mlperf_log_summary.txt /work/build/power_logs_temp/; fi'
client 2024-07-13 13:28:23,367 [INFO] Sending command to the server: 'time'
client 2024-07-13 13:28:23,369 [INFO] Got response: '1720902503.36676'
client 2024-07-13 13:28:23,369 [INFO] The time difference between the client and the server is within range 1.090 ms..2.624 ms
client 2024-07-13 13:28:23,369 [INFO] Sending command to the server: 'session,2024-07-13_12-54-19,stop,ranging'
client 2024-07-13 13:28:33,823 [INFO] Got response: 'OK'
client 2024-07-13 13:28:33,823 [INFO] Sending command to the server: 'time'
client 2024-07-13 13:28:33,824 [INFO] Got response: '1720902513.822301'
client 2024-07-13 13:28:33,824 [INFO] The time difference between the client and the server is within range 1.649 ms..2.366 ms
client 2024-07-13 13:28:33,852 [INFO] Copying loadgen logs from '/work/build/power_logs_temp' to '/work/build/power_logs/2024.07.13-12.52.59/2024-07-13_12-54-19/ranging'
client 2024-07-13 13:28:33,871 [INFO] Running workload in testing mode
client 2024-07-13 13:28:33,871 [INFO] Synchronizing with the server and with ib-01.dc4-in.nvidia.com...
client 2024-07-13 13:28:34,100 [INFO] NTP:offset = -0.001 s, delay = 0.227 s 
client 2024-07-13 13:28:34,101 [INFO] Sending command to the server: 'time'
client 2024-07-13 13:28:34,102 [INFO] Got response: '1720902514.0995772'
client 2024-07-13 13:28:34,102 [INFO] The time difference between the client and the server is within range 1.422 ms..2.592 ms
client 2024-07-13 13:28:34,102 [INFO] Sending command to the server: 'session,2024-07-13_12-54-19,start,testing'
client 2024-07-13 13:28:55,727 [INFO] Got response: 'OK'
client 2024-07-13 13:28:55,727 [INFO] Sending command to the server: 'time'
client 2024-07-13 13:28:55,728 [INFO] Got response: '1720902535.7261486'
client 2024-07-13 13:28:55,728 [INFO] The time difference between the client and the server is within range 1.403 ms..2.475 ms
client 2024-07-13 13:28:55,728 [INFO] Running the workload 'LOG_DIR=/work/build/power_logs_temp python3.10 -m code.main --benchmarks=dlrmv2 --scenarios=Offline --config_ver=maxq --test_mode=PerformanceOnly --action="run_harness" \\\n\t\t2>&1 | tee -a /work/build/power_logs/2024.07.13-12.52.59/stdout.txt \\\n\t\t&& if [ ! -d /work/build/power_logs/2024.07.13-12.52.59/ranging_tmp ]; \\\n\t\t\tthen mkdir /work/build/power_logs/2024.07.13-12.52.59/ranging_tmp \\\n\t\t\t\t&& mv /work/build/power_logs_temp/* /work/build/power_logs/2024.07.13-12.52.59/ranging_tmp/ \\\n\t\t\t\t&& cp -v /work/build/power_logs/2024.07.13-12.52.59/ranging_tmp/*/*/*/mlperf_log_detail.txt /work/build/power_logs_temp/ \\\n\t\t\t\t&& cp -v /work/build/power_logs/2024.07.13-12.52.59/ranging_tmp/*/*/*/mlperf_log_summary.txt /work/build/power_logs_temp/; \\\n\t\t\telse mkdir /work/build/power_logs/2024.07.13-12.52.59/testing_tmp \\\n\t\t\t\t&& mv /work/build/power_logs_temp/* /work/build/power_logs/2024.07.13-12.52.59/testing_tmp/ \\\n\t\t\t\t&& cp -v /work/build/power_logs/2024.07.13-12.52.59/testing_tmp/*/*/*/mlperf_log_detail.txt /work/build/power_logs_temp/ \\\n\t\t\t\t&& cp -v /work/build/power_logs/2024.07.13-12.52.59/testing_tmp/*/*/*/mlperf_log_summary.txt /work/build/power_logs_temp/; fi'
client 2024-07-13 13:45:08,760 [INFO] Sending command to the server: 'time'
client 2024-07-13 13:45:08,761 [INFO] Got response: '1720903508.7588298'
client 2024-07-13 13:45:08,761 [INFO] The time difference between the client and the server is within range 1.354 ms..2.933 ms
client 2024-07-13 13:45:08,761 [INFO] Sending command to the server: 'session,2024-07-13_12-54-19,stop,testing'
client 2024-07-13 13:45:19,808 [INFO] Got response: 'OK'
client 2024-07-13 13:45:19,808 [INFO] Sending command to the server: 'time'
client 2024-07-13 13:45:19,809 [INFO] Got response: '1720903519.8069217'
client 2024-07-13 13:45:19,809 [INFO] The time difference between the client and the server is within range 1.659 ms..2.750 ms
client 2024-07-13 13:45:19,829 [INFO] Copying loadgen logs from '/work/build/power_logs_temp' to '/work/build/power_logs/2024.07.13-12.52.59/2024-07-13_12-54-19/run_1'
client 2024-07-13 13:45:19,850 [INFO] Done runs
